2019-09-20 15:03:32,737 : WARN  : main :  : Node : Excel Reader (XLS) : 2:1 : No file location specified
2019-09-20 15:14:29,476 : WARN  : main :  : Node : Date&Time Difference : 2:2 : Node must be configured!
2019-09-20 15:30:43,849 : WARN  : main :  : Node : Math Formula : 2:4 : No configuration available
2019-09-20 15:40:20,880 : WARN  : main :  : Node : Column Rename : 2:6 : No configuration available
2019-09-20 15:42:49,884 : WARN  : main :  : Node : GroupBy : 2:7 : No grouping column included. Aggregate complete table.
2019-09-20 15:42:49,884 : WARN  : main :  : Node : GroupBy : 2:7 : No aggregation column defined
2019-09-20 15:42:49,885 : WARN  : main :  : Node : GroupBy : 2:7 : No aggregation column defined
2019-09-20 15:42:50,018 : WARN  : main :  : Node : GroupBy : 2:7 : Please select at least one group or aggregation column
2019-09-20 15:43:25,377 : WARN  : main :  : Node : GroupBy : 2:7 : No grouping column included. Aggregate complete table.
2019-09-20 15:43:25,377 : WARN  : main :  : Node : GroupBy : 2:7 : No aggregation column defined
2019-09-20 15:43:25,377 : WARN  : main :  : Node : GroupBy : 2:7 : No aggregation column defined
2019-09-20 15:43:25,377 : WARN  : main :  : Node : GroupBy : 2:7 : Please select at least one group or aggregation column
2019-09-20 15:49:06,471 : WARN  : main :  : Node : String Manipulation : 2:9 : No expression has been set.
2019-09-20 15:52:50,380 : WARN  : main :  : WrappedNodeDialog : String Manipulation : 2:9 : failed to apply settings: Unable to compile expression
ERROR at line 64
Syntax error, insert ";" to complete BlockStatements
  Line : 63    public java.lang.String internalEvaluate() throws Abort {
  Line : 64  return replace(__col34,"[" ,"(") 
org.knime.core.node.InvalidSettingsException: Unable to compile expression
ERROR at line 64
Syntax error, insert ";" to complete BlockStatements
  Line : 63    public java.lang.String internalEvaluate() throws Abort {
  Line : 64  return replace(__col34,"[" ,"(") 
	at org.knime.base.node.preproc.stringmanipulation.StringManipulationNodeDialog.saveSettingsTo(StringManipulationNodeDialog.java:419)
	at org.knime.core.node.NodeDialogPane.internalSaveSettingsTo(NodeDialogPane.java:485)
	at org.knime.core.node.NodeDialogPane$5.run(NodeDialogPane.java:722)
	at org.knime.core.node.util.ViewUtils$3.run(ViewUtils.java:353)
	at org.knime.core.node.util.ViewUtils$2.run(ViewUtils.java:155)
	at java.awt.event.InvocationEvent.dispatch(InvocationEvent.java:311)
	at java.awt.EventQueue.dispatchEventImpl(EventQueue.java:758)
	at java.awt.EventQueue.access$500(EventQueue.java:97)
	at java.awt.EventQueue$3.run(EventQueue.java:709)
	at java.awt.EventQueue$3.run(EventQueue.java:703)
	at java.security.AccessController.doPrivileged(Native Method)
	at java.security.ProtectionDomain$JavaSecurityAccessImpl.doIntersectionPrivilege(ProtectionDomain.java:74)
	at java.awt.EventQueue.dispatchEvent(EventQueue.java:728)
	at java.awt.EventDispatchThread.pumpOneEventForFilters(EventDispatchThread.java:205)
	at java.awt.EventDispatchThread.pumpEventsForFilter(EventDispatchThread.java:116)
	at java.awt.EventDispatchThread.pumpEventsForHierarchy(EventDispatchThread.java:105)
	at java.awt.EventDispatchThread.pumpEvents(EventDispatchThread.java:101)
	at java.awt.EventDispatchThread.pumpEvents(EventDispatchThread.java:93)
	at java.awt.EventDispatchThread.run(EventDispatchThread.java:82)
Caused by: org.knime.ext.sun.nodes.script.compile.CompilationFailedException: Unable to compile expression
ERROR at line 64
Syntax error, insert ";" to complete BlockStatements
  Line : 63    public java.lang.String internalEvaluate() throws Abort {
  Line : 64  return replace(__col34,"[" ,"(") 
	at org.knime.ext.sun.nodes.script.compile.JavaCodeCompiler.compile(JavaCodeCompiler.java:330)
	at org.knime.ext.sun.nodes.script.expression.Expression.<init>(Expression.java:217)
	at org.knime.ext.sun.nodes.script.expression.Expression.compile(Expression.java:619)
	at org.knime.base.node.preproc.stringmanipulation.StringManipulationNodeDialog.saveSettingsTo(StringManipulationNodeDialog.java:417)
	... 18 more
2019-09-20 16:01:17,471 : WARN  : main :  : Node : Excel Writer (XLS) : 2:11 : No destination location provided! Please enter a valid location.
2019-09-20 16:03:21,071 : WARN  : main :  : Node : Excel Writer (XLS) : 2:11 : Output file 'C:\Users\dimit\Desktop\outputZalaxus.xlsx' exists and must not be overwritten due to user settings
2019-09-20 16:03:29,535 : WARN  : main :  : Node : Excel Writer (XLS) : 2:11 : Output file 'C:\Users\dimit\Desktop\outputZalaxus.xlsx' exists and will be overwritten
2019-09-20 16:08:15,796 : WARN  : main :  : Node : Excel Writer (XLS) : 2:11 : Output file 'C:\Users\dimit\Desktop\outputZalaxus.xlsx' exists and will be overwritten
2019-09-20 16:08:15,801 : WARN  : main :  : Node : Excel Writer (XLS) : 2:11 : Output file 'C:\Users\dimit\Desktop\outputZalaxus.xlsx' exists and will be overwritten
2019-09-20 16:08:15,807 : WARN  : main :  : Node : Excel Writer (XLS) : 2:11 : Output file 'C:\Users\dimit\Desktop\outputZalaxus.xlsx' exists and will be overwritten
2019-09-20 16:08:15,815 : WARN  : main :  : Node : Excel Writer (XLS) : 2:11 : Output file 'C:\Users\dimit\Desktop\outputZalaxus.xlsx' exists and will be overwritten
2019-09-20 16:08:15,827 : WARN  : main :  : Node : Excel Writer (XLS) : 2:11 : Output file 'C:\Users\dimit\Desktop\outputZalaxus.xlsx' exists and will be overwritten
2019-09-20 16:08:15,834 : WARN  : main :  : Node : Excel Writer (XLS) : 2:11 : Output file 'C:\Users\dimit\Desktop\outputZalaxus.xlsx' exists and will be overwritten
2019-09-20 16:08:15,934 : WARN  : main :  : Node : Excel Writer (XLS) : 2:11 : Output file 'C:\Users\dimit\Desktop\outputZalaxus.xlsx' exists and will be overwritten
2019-09-20 16:08:19,255 : WARN  : KNIME-Worker-22 :  : Node : Excel Writer (XLS) : 2:11 : Output file 'C:\Users\dimit\Desktop\outputZalaxus.xlsx' exists and will be overwritten
2019-09-20 16:08:19,732 : WARN  : KNIME-Worker-22 :  : Node : Excel Writer (XLS) : 2:11 : Output file 'C:\Users\dimit\Desktop\outputZalaxus.xlsx' exists and will be overwritten
2019-09-20 16:08:19,736 : ERROR : KNIME-Worker-21 :  : Node : Excel Writer (XLS) : 2:11 : Execute failed: C:\Users\dimit\Desktop\outputZalaxus.xlsx: Le processus ne peut pas accéder au fichier car ce fichier est utilisé par un autre processus.

java.nio.file.FileSystemException: C:\Users\dimit\Desktop\outputZalaxus.xlsx: Le processus ne peut pas accéder au fichier car ce fichier est utilisé par un autre processus.

	at sun.nio.fs.WindowsException.translateToIOException(WindowsException.java:86)
	at sun.nio.fs.WindowsException.rethrowAsIOException(WindowsException.java:97)
	at sun.nio.fs.WindowsException.rethrowAsIOException(WindowsException.java:102)
	at sun.nio.fs.WindowsFileSystemProvider.implDelete(WindowsFileSystemProvider.java:269)
	at sun.nio.fs.AbstractFileSystemProvider.deleteIfExists(AbstractFileSystemProvider.java:108)
	at java.nio.file.Files.deleteIfExists(Files.java:1165)
	at org.knime.ext.poi2.node.write2.XLSWriter2NodeModel.execute(XLSWriter2NodeModel.java:160)
	at org.knime.core.node.NodeModel.execute(NodeModel.java:733)
	at org.knime.core.node.NodeModel.executeModel(NodeModel.java:567)
	at org.knime.core.node.Node.invokeFullyNodeModelExecute(Node.java:1192)
	at org.knime.core.node.Node.execute(Node.java:979)
	at org.knime.core.node.workflow.NativeNodeContainer.performExecuteNode(NativeNodeContainer.java:559)
	at org.knime.core.node.exec.LocalNodeExecutionJob.mainExecute(LocalNodeExecutionJob.java:95)
	at org.knime.core.node.workflow.NodeExecutionJob.internalRun(NodeExecutionJob.java:179)
	at org.knime.core.node.workflow.NodeExecutionJob.run(NodeExecutionJob.java:110)
	at org.knime.core.util.ThreadUtils$RunnableWithContextImpl.runWithContext(ThreadUtils.java:328)
	at org.knime.core.util.ThreadUtils$RunnableWithContext.run(ThreadUtils.java:204)
	at java.util.concurrent.Executors$RunnableAdapter.call(Executors.java:511)
	at java.util.concurrent.FutureTask.run(FutureTask.java:266)
	at org.knime.core.util.ThreadPool$MyFuture.run(ThreadPool.java:123)
	at org.knime.core.util.ThreadPool$Worker.run(ThreadPool.java:246)
2019-09-20 16:08:19,740 : WARN  : KNIME-Worker-21 :  : Node : Excel Writer (XLS) : 2:11 : Output file 'C:\Users\dimit\Desktop\outputZalaxus.xlsx' exists and will be overwritten
2019-09-26 20:08:12,158 : WARN  : ModalContext :  : Node : Excel Reader (XLS) : 0:1 : The file 'C:\Users\dimit\Downloads\zalaxus.xlsx' can't be accessed anymore!
2019-09-26 20:10:23,428 : WARN  : main :  : Node : Excel Writer (XLS) : 0:11 : Directory 'C:\Users\dimit\Desktop' of output file does not exist
2019-09-26 20:10:35,230 : WARN  : KNIME-Worker-2 :  : Node : Excel Writer (XLS) : 0:11 : Directory 'C:\Users\dimit\Desktop' of output file does not exist
2019-09-26 20:10:35,809 : WARN  : KNIME-Worker-3 :  : Node : Excel Writer (XLS) : 0:11 : Directory 'C:\Users\dimit\Desktop' of output file does not exist
2019-09-26 20:10:36,276 : WARN  : KNIME-Worker-2 :  : Node : Excel Writer (XLS) : 0:11 : Directory 'C:\Users\dimit\Desktop' of output file does not exist
2019-09-26 20:11:58,444 : WARN  : main :  : ExplorerFileSystemUtils :  :  : At least one of the workflows affected by the operation is still open in the editor and has to be saved first.
2019-09-26 20:11:58,444 : WARN  : main :  : PasteFromClipboardAction :  :  : Can't paste from clipboard: At least one of the workflows affected by the operation is still open in the editor and has to be saved first.
2019-10-03 22:53:46,133 : WARN  : main :  : Node : Excel Reader (XLS) : 0:12:10 : No file location specified
2019-10-03 22:55:43,698 : WARN  : main :  : Node : Excel Reader (XLS) : 0:13 : No file location specified
2019-10-03 22:56:24,732 : WARN  : main :  : Node : Joiner : 0:14 : Please define at least one joining column pair.
2019-10-03 23:14:24,083 : WARN  : main :  : Node : Column Resorter : 0:21 : All columns stay in same order.
2019-10-03 23:17:14,953 : WARN  : main :  : Node : Column Aggregator : 0:22 : Please select at least one aggregation method
2019-10-03 23:17:21,283 : WARN  : main :  : WrappedNodeDialog : Column Aggregator : 0:22 : failed to apply settings: Please select at least one aggregation method
org.knime.core.node.InvalidSettingsException: Please select at least one aggregation method
	at org.knime.base.node.preproc.columnaggregator.ColumnAggregatorNodeModel.validateSettings(ColumnAggregatorNodeModel.java:303)
	at org.knime.core.node.Node.validateModelSettings(Node.java:642)
	at org.knime.core.node.workflow.NativeNodeContainer.performValidateSettings(NativeNodeContainer.java:921)
	at org.knime.core.node.workflow.SingleNodeContainer.validateSettings(SingleNodeContainer.java:888)
	at org.knime.core.node.workflow.WorkflowManager.loadNodeSettings(WorkflowManager.java:1757)
	at org.knime.core.node.workflow.NodeContainer.applySettingsFromDialog(NodeContainer.java:1002)
	at org.knime.core.ui.wrapper.NodeContainerWrapper.applySettingsFromDialog(NodeContainerWrapper.java:262)
	at org.knime.workbench.ui.wrapper.WrappedNodeDialog.doApply(WrappedNodeDialog.java:623)
	at org.knime.workbench.ui.wrapper.WrappedNodeDialog.doOK(WrappedNodeDialog.java:538)
	at org.knime.workbench.ui.wrapper.WrappedNodeDialog.access$8(WrappedNodeDialog.java:536)
	at org.knime.workbench.ui.wrapper.WrappedNodeDialog$5.widgetSelected(WrappedNodeDialog.java:474)
	at org.eclipse.swt.widgets.TypedListener.handleEvent(TypedListener.java:249)
	at org.eclipse.swt.widgets.EventTable.sendEvent(EventTable.java:86)
	at org.eclipse.swt.widgets.Display.sendEvent(Display.java:4428)
	at org.eclipse.swt.widgets.Widget.sendEvent(Widget.java:1079)
	at org.eclipse.swt.widgets.Display.runDeferredEvents(Display.java:4238)
	at org.eclipse.swt.widgets.Display.readAndDispatch(Display.java:3817)
	at org.eclipse.jface.window.Window.runEventLoop(Window.java:818)
	at org.eclipse.jface.window.Window.open(Window.java:794)
	at org.knime.workbench.ui.wrapper.WrappedNodeDialog.open(WrappedNodeDialog.java:181)
	at org.knime.workbench.editor2.editparts.NodeContainerEditPart.openNodeDialog(NodeContainerEditPart.java:872)
	at org.knime.workbench.editor2.editparts.NodeContainerEditPart.openDialog(NodeContainerEditPart.java:780)
	at org.knime.workbench.editor2.editparts.NodeContainerEditPart.performRequest(NodeContainerEditPart.java:351)
	at org.eclipse.gef.tools.SelectEditPartTracker.performOpen(SelectEditPartTracker.java:194)
	at org.eclipse.gef.tools.SelectEditPartTracker.handleDoubleClick(SelectEditPartTracker.java:137)
	at org.knime.workbench.editor2.WorkflowSelectionDragEditPartsTracker.handleDoubleClick(WorkflowSelectionDragEditPartsTracker.java:126)
	at org.eclipse.gef.tools.AbstractTool.mouseDoubleClick(AbstractTool.java:1069)
	at org.eclipse.gef.tools.SelectionTool.mouseDoubleClick(SelectionTool.java:527)
	at org.eclipse.gef.EditDomain.mouseDoubleClick(EditDomain.java:231)
	at org.eclipse.gef.ui.parts.DomainEventDispatcher.dispatchMouseDoubleClicked(DomainEventDispatcher.java:291)
	at org.eclipse.draw2d.LightweightSystem$EventHandler.mouseDoubleClick(LightweightSystem.java:518)
	at org.eclipse.swt.widgets.TypedListener.handleEvent(TypedListener.java:197)
	at org.eclipse.swt.widgets.EventTable.sendEvent(EventTable.java:86)
	at org.eclipse.swt.widgets.Display.sendEvent(Display.java:4428)
	at org.eclipse.swt.widgets.Widget.sendEvent(Widget.java:1079)
	at org.eclipse.swt.widgets.Display.runDeferredEvents(Display.java:4238)
	at org.eclipse.swt.widgets.Display.readAndDispatch(Display.java:3817)
	at org.eclipse.e4.ui.internal.workbench.swt.PartRenderingEngine$5.run(PartRenderingEngine.java:1150)
	at org.eclipse.core.databinding.observable.Realm.runWithDefault(Realm.java:336)
	at org.eclipse.e4.ui.internal.workbench.swt.PartRenderingEngine.run(PartRenderingEngine.java:1039)
	at org.eclipse.e4.ui.internal.workbench.E4Workbench.createAndRunUI(E4Workbench.java:153)
	at org.eclipse.ui.internal.Workbench.lambda$3(Workbench.java:680)
	at org.eclipse.core.databinding.observable.Realm.runWithDefault(Realm.java:336)
	at org.eclipse.ui.internal.Workbench.createAndRunWorkbench(Workbench.java:594)
	at org.eclipse.ui.PlatformUI.createAndRunWorkbench(PlatformUI.java:148)
	at org.knime.product.rcp.KNIMEApplication.start(KNIMEApplication.java:149)
	at org.eclipse.equinox.internal.app.EclipseAppHandle.run(EclipseAppHandle.java:196)
	at org.eclipse.core.runtime.internal.adaptor.EclipseAppLauncher.runApplication(EclipseAppLauncher.java:134)
	at org.eclipse.core.runtime.internal.adaptor.EclipseAppLauncher.start(EclipseAppLauncher.java:104)
	at org.eclipse.core.runtime.adaptor.EclipseStarter.run(EclipseStarter.java:388)
	at org.eclipse.core.runtime.adaptor.EclipseStarter.run(EclipseStarter.java:243)
	at sun.reflect.NativeMethodAccessorImpl.invoke0(Native Method)
	at sun.reflect.NativeMethodAccessorImpl.invoke(NativeMethodAccessorImpl.java:62)
	at sun.reflect.DelegatingMethodAccessorImpl.invoke(DelegatingMethodAccessorImpl.java:43)
	at java.lang.reflect.Method.invoke(Method.java:498)
	at org.eclipse.equinox.launcher.Main.invokeFramework(Main.java:653)
	at org.eclipse.equinox.launcher.Main.basicRun(Main.java:590)
	at org.eclipse.equinox.launcher.Main.run(Main.java:1499)
2019-10-03 23:25:53,587 : WARN  : main :  : Node : Rule Engine (Dictionary) : 0:24 : Guessing target column: "Classe Age".
2019-10-03 23:27:00,304 : WARN  : main :  : Node : Rule Engine (Dictionary) : 0:24 : Rule column "Classe Age" not found or incompatible
2019-10-04 08:38:27,285 : WARN  : ModalContext :  : Node : Excel Reader (XLS) : 0:1 : The file 'O:\Master\BI\KNIME\KNIME-Master-BI\Data\zalaxus.xlsx' can't be accessed anymore!
2019-10-04 08:38:27,330 : WARN  : ModalContext :  : Node : Excel Reader (XLS) : 0:13 : The file 'O:\Master\BI\KNIME\KNIME-Master-BI\Data\ZalaxusSizeSplit.xlsx' can't be accessed anymore!
2019-10-17 09:03:55,194 : WARN  : ModalContext :  : Node : Excel Reader (XLS) : 0:1 : The file 'O:\Master\BI\KNIME\KNIME-Master-BI\Data\zalaxus.xlsx' can't be accessed anymore!
2019-10-17 11:38:53,154 : WARN  : main :  : Node : Excel Writer (XLS) : 0:11 : Directory 'C:\Users\Dimitri\Desktop' of output file does not exist
2019-10-17 11:39:05,083 : WARN  : KNIME-Worker-10 :  : Node : Excel Writer (XLS) : 0:11 : Directory 'C:\Users\Dimitri\Desktop' of output file does not exist
2019-10-17 11:39:05,697 : WARN  : KNIME-Worker-11 :  : Node : Excel Writer (XLS) : 0:11 : Directory 'C:\Users\Dimitri\Desktop' of output file does not exist
2019-10-17 11:39:06,390 : WARN  : KNIME-Worker-10 :  : Node : Excel Writer (XLS) : 0:11 : Directory 'C:\Users\Dimitri\Desktop' of output file does not exist
2019-10-17 11:47:25,163 : WARN  : main :  : Node : Row Filter : 0:27 : No row filter specified
2019-10-17 11:47:26,810 : WARN  : main :  : Node : Row Filter : 0:28 : No row filter specified
2019-10-17 11:53:18,895 : ERROR : KNIME-Worker-24 :  : Node : Rule Engine (Dictionary) : 0:24 : Execute failed: Wrong rule in line: Row0
Line: 1: Expected a number, string, column, a table property or flow variable reference.
(The operator AND is not supported.)
$Gender$="M" AND ($Weight$>= AND $Weight$<=61) AND ($Height$>= AND $Height$<=164)00 => "XS"
                             ^
org.knime.core.node.InvalidSettingsException: Wrong rule in line: Row0
Line: 1: Expected a number, string, column, a table property or flow variable reference.
(The operator AND is not supported.)
$Gender$="M" AND ($Weight$>= AND $Weight$<=61) AND ($Height$>= AND $Height$<=164)00 => "XS"
                             ^
	at org.knime.base.node.rules.engine.twoports.RuleEngine2PortsNodeModel.computeRearrangerWithoutPMML(RuleEngine2PortsNodeModel.java:309)
	at org.knime.base.node.rules.engine.twoports.RuleEngine2PortsNodeModel.createColumnRearranger(RuleEngine2PortsNodeModel.java:257)
	at org.knime.base.node.rules.engine.twoports.RuleEngine2PortsNodeModel.execute(RuleEngine2PortsNodeModel.java:122)
	at org.knime.core.node.NodeModel.executeModel(NodeModel.java:567)
	at org.knime.core.node.Node.invokeFullyNodeModelExecute(Node.java:1192)
	at org.knime.core.node.Node.execute(Node.java:979)
	at org.knime.core.node.workflow.NativeNodeContainer.performExecuteNode(NativeNodeContainer.java:559)
	at org.knime.core.node.exec.LocalNodeExecutionJob.mainExecute(LocalNodeExecutionJob.java:95)
	at org.knime.core.node.workflow.NodeExecutionJob.internalRun(NodeExecutionJob.java:179)
	at org.knime.core.node.workflow.NodeExecutionJob.run(NodeExecutionJob.java:110)
	at org.knime.core.util.ThreadUtils$RunnableWithContextImpl.runWithContext(ThreadUtils.java:328)
	at org.knime.core.util.ThreadUtils$RunnableWithContext.run(ThreadUtils.java:204)
	at java.util.concurrent.Executors$RunnableAdapter.call(Executors.java:511)
	at java.util.concurrent.FutureTask.run(FutureTask.java:266)
	at org.knime.core.util.ThreadPool$MyFuture.run(ThreadPool.java:123)
	at org.knime.core.util.ThreadPool$Worker.run(ThreadPool.java:246)
Caused by: java.text.ParseException: Line: 1: Expected a number, string, column, a table property or flow variable reference.
(The operator AND is not supported.)
$Gender$="M" AND ($Weight$>= AND $Weight$<=61) AND ($Height$>= AND $Height$<=164)00 => "XS"
                             ^
	at org.knime.base.node.rules.engine.BaseRuleParser.parseOperand(BaseRuleParser.java:1063)
	at org.knime.base.node.rules.engine.BaseRuleParser.handleRelationRightOperand(BaseRuleParser.java:920)
	at org.knime.base.node.rules.engine.BaseRuleParser.parseRelation(BaseRuleParser.java:857)
	at org.knime.base.node.rules.engine.BaseRuleParser.parseRootBooleanExpression(BaseRuleParser.java:757)
	at org.knime.base.node.rules.engine.BaseRuleParser.parseAndExpression(BaseRuleParser.java:712)
	at org.knime.base.node.rules.engine.BaseRuleParser.parseXorExpression(BaseRuleParser.java:689)
	at org.knime.base.node.rules.engine.BaseRuleParser.parseOrExpression(BaseRuleParser.java:666)
	at org.knime.base.node.rules.engine.BaseRuleParser.parseBooleanExpression(BaseRuleParser.java:654)
	at org.knime.base.node.rules.engine.BaseRuleParser.parseRootBooleanExpression(BaseRuleParser.java:739)
	at org.knime.base.node.rules.engine.BaseRuleParser.parseAndExpression(BaseRuleParser.java:717)
	at org.knime.base.node.rules.engine.BaseRuleParser.parseXorExpression(BaseRuleParser.java:689)
	at org.knime.base.node.rules.engine.BaseRuleParser.parseOrExpression(BaseRuleParser.java:666)
	at org.knime.base.node.rules.engine.BaseRuleParser.parseBooleanExpression(BaseRuleParser.java:654)
	at org.knime.base.node.rules.engine.SimpleRuleParser.parseCondition(SimpleRuleParser.java:278)
	at org.knime.base.node.rules.engine.SimpleRuleParser.parse(SimpleRuleParser.java:230)
	at org.knime.base.node.rules.engine.RuleFactory.parse(RuleFactory.java:191)
	at org.knime.base.node.rules.engine.twoports.RuleEngine2PortsNodeModel.computeRearrangerWithoutPMML(RuleEngine2PortsNodeModel.java:303)
	... 15 more
2019-10-17 11:57:17,820 : ERROR : KNIME-Worker-28 :  : Node : Rule Engine (Dictionary) : 0:24 : Execute failed: Wrong rule in line: Row0
Line: 1: Expected a number, string, column, a table property or flow variable reference.
(The operator AND is not supported.)
$Gender$="M" AND ($Weight$>= AND $Weight$<=61) AND ($Height$>= AND $Height$<=164)00 => "XS"
                             ^
org.knime.core.node.InvalidSettingsException: Wrong rule in line: Row0
Line: 1: Expected a number, string, column, a table property or flow variable reference.
(The operator AND is not supported.)
$Gender$="M" AND ($Weight$>= AND $Weight$<=61) AND ($Height$>= AND $Height$<=164)00 => "XS"
                             ^
	at org.knime.base.node.rules.engine.twoports.RuleEngine2PortsNodeModel.computeRearrangerWithoutPMML(RuleEngine2PortsNodeModel.java:309)
	at org.knime.base.node.rules.engine.twoports.RuleEngine2PortsNodeModel.createColumnRearranger(RuleEngine2PortsNodeModel.java:257)
	at org.knime.base.node.rules.engine.twoports.RuleEngine2PortsNodeModel.execute(RuleEngine2PortsNodeModel.java:122)
	at org.knime.core.node.NodeModel.executeModel(NodeModel.java:567)
	at org.knime.core.node.Node.invokeFullyNodeModelExecute(Node.java:1192)
	at org.knime.core.node.Node.execute(Node.java:979)
	at org.knime.core.node.workflow.NativeNodeContainer.performExecuteNode(NativeNodeContainer.java:559)
	at org.knime.core.node.exec.LocalNodeExecutionJob.mainExecute(LocalNodeExecutionJob.java:95)
	at org.knime.core.node.workflow.NodeExecutionJob.internalRun(NodeExecutionJob.java:179)
	at org.knime.core.node.workflow.NodeExecutionJob.run(NodeExecutionJob.java:110)
	at org.knime.core.util.ThreadUtils$RunnableWithContextImpl.runWithContext(ThreadUtils.java:328)
	at org.knime.core.util.ThreadUtils$RunnableWithContext.run(ThreadUtils.java:204)
	at java.util.concurrent.Executors$RunnableAdapter.call(Executors.java:511)
	at java.util.concurrent.FutureTask.run(FutureTask.java:266)
	at org.knime.core.util.ThreadPool$MyFuture.run(ThreadPool.java:123)
	at org.knime.core.util.ThreadPool$Worker.run(ThreadPool.java:246)
Caused by: java.text.ParseException: Line: 1: Expected a number, string, column, a table property or flow variable reference.
(The operator AND is not supported.)
$Gender$="M" AND ($Weight$>= AND $Weight$<=61) AND ($Height$>= AND $Height$<=164)00 => "XS"
                             ^
	at org.knime.base.node.rules.engine.BaseRuleParser.parseOperand(BaseRuleParser.java:1063)
	at org.knime.base.node.rules.engine.BaseRuleParser.handleRelationRightOperand(BaseRuleParser.java:920)
	at org.knime.base.node.rules.engine.BaseRuleParser.parseRelation(BaseRuleParser.java:857)
	at org.knime.base.node.rules.engine.BaseRuleParser.parseRootBooleanExpression(BaseRuleParser.java:757)
	at org.knime.base.node.rules.engine.BaseRuleParser.parseAndExpression(BaseRuleParser.java:712)
	at org.knime.base.node.rules.engine.BaseRuleParser.parseXorExpression(BaseRuleParser.java:689)
	at org.knime.base.node.rules.engine.BaseRuleParser.parseOrExpression(BaseRuleParser.java:666)
	at org.knime.base.node.rules.engine.BaseRuleParser.parseBooleanExpression(BaseRuleParser.java:654)
	at org.knime.base.node.rules.engine.BaseRuleParser.parseRootBooleanExpression(BaseRuleParser.java:739)
	at org.knime.base.node.rules.engine.BaseRuleParser.parseAndExpression(BaseRuleParser.java:717)
	at org.knime.base.node.rules.engine.BaseRuleParser.parseXorExpression(BaseRuleParser.java:689)
	at org.knime.base.node.rules.engine.BaseRuleParser.parseOrExpression(BaseRuleParser.java:666)
	at org.knime.base.node.rules.engine.BaseRuleParser.parseBooleanExpression(BaseRuleParser.java:654)
	at org.knime.base.node.rules.engine.SimpleRuleParser.parseCondition(SimpleRuleParser.java:278)
	at org.knime.base.node.rules.engine.SimpleRuleParser.parse(SimpleRuleParser.java:230)
	at org.knime.base.node.rules.engine.RuleFactory.parse(RuleFactory.java:191)
	at org.knime.base.node.rules.engine.twoports.RuleEngine2PortsNodeModel.computeRearrangerWithoutPMML(RuleEngine2PortsNodeModel.java:303)
	... 15 more
2019-10-17 11:57:28,068 : ERROR : KNIME-Worker-25 :  : Node : Excel Reader (XLS) : 0:13 : DataSpec generated by configure does not match spec after execution.
2019-10-17 11:57:28,144 : ERROR : KNIME-Worker-28 :  : Node : Rule Engine (Dictionary) : 0:24 : Execute failed: Wrong rule in line: Row0
Line: 1: Expected a number, string, column, a table property or flow variable reference.
(The operator AND is not supported.)
$Gender$="M" AND ($Weight$>= AND $Weight$<=61) AND ($Height$>= AND $Height$<=164)00 => "XS"
                             ^
org.knime.core.node.InvalidSettingsException: Wrong rule in line: Row0
Line: 1: Expected a number, string, column, a table property or flow variable reference.
(The operator AND is not supported.)
$Gender$="M" AND ($Weight$>= AND $Weight$<=61) AND ($Height$>= AND $Height$<=164)00 => "XS"
                             ^
	at org.knime.base.node.rules.engine.twoports.RuleEngine2PortsNodeModel.computeRearrangerWithoutPMML(RuleEngine2PortsNodeModel.java:309)
	at org.knime.base.node.rules.engine.twoports.RuleEngine2PortsNodeModel.createColumnRearranger(RuleEngine2PortsNodeModel.java:257)
	at org.knime.base.node.rules.engine.twoports.RuleEngine2PortsNodeModel.execute(RuleEngine2PortsNodeModel.java:122)
	at org.knime.core.node.NodeModel.executeModel(NodeModel.java:567)
	at org.knime.core.node.Node.invokeFullyNodeModelExecute(Node.java:1192)
	at org.knime.core.node.Node.execute(Node.java:979)
	at org.knime.core.node.workflow.NativeNodeContainer.performExecuteNode(NativeNodeContainer.java:559)
	at org.knime.core.node.exec.LocalNodeExecutionJob.mainExecute(LocalNodeExecutionJob.java:95)
	at org.knime.core.node.workflow.NodeExecutionJob.internalRun(NodeExecutionJob.java:179)
	at org.knime.core.node.workflow.NodeExecutionJob.run(NodeExecutionJob.java:110)
	at org.knime.core.util.ThreadUtils$RunnableWithContextImpl.runWithContext(ThreadUtils.java:328)
	at org.knime.core.util.ThreadUtils$RunnableWithContext.run(ThreadUtils.java:204)
	at java.util.concurrent.Executors$RunnableAdapter.call(Executors.java:511)
	at java.util.concurrent.FutureTask.run(FutureTask.java:266)
	at org.knime.core.util.ThreadPool$MyFuture.run(ThreadPool.java:123)
	at org.knime.core.util.ThreadPool$Worker.run(ThreadPool.java:246)
Caused by: java.text.ParseException: Line: 1: Expected a number, string, column, a table property or flow variable reference.
(The operator AND is not supported.)
$Gender$="M" AND ($Weight$>= AND $Weight$<=61) AND ($Height$>= AND $Height$<=164)00 => "XS"
                             ^
	at org.knime.base.node.rules.engine.BaseRuleParser.parseOperand(BaseRuleParser.java:1063)
	at org.knime.base.node.rules.engine.BaseRuleParser.handleRelationRightOperand(BaseRuleParser.java:920)
	at org.knime.base.node.rules.engine.BaseRuleParser.parseRelation(BaseRuleParser.java:857)
	at org.knime.base.node.rules.engine.BaseRuleParser.parseRootBooleanExpression(BaseRuleParser.java:757)
	at org.knime.base.node.rules.engine.BaseRuleParser.parseAndExpression(BaseRuleParser.java:712)
	at org.knime.base.node.rules.engine.BaseRuleParser.parseXorExpression(BaseRuleParser.java:689)
	at org.knime.base.node.rules.engine.BaseRuleParser.parseOrExpression(BaseRuleParser.java:666)
	at org.knime.base.node.rules.engine.BaseRuleParser.parseBooleanExpression(BaseRuleParser.java:654)
	at org.knime.base.node.rules.engine.BaseRuleParser.parseRootBooleanExpression(BaseRuleParser.java:739)
	at org.knime.base.node.rules.engine.BaseRuleParser.parseAndExpression(BaseRuleParser.java:717)
	at org.knime.base.node.rules.engine.BaseRuleParser.parseXorExpression(BaseRuleParser.java:689)
	at org.knime.base.node.rules.engine.BaseRuleParser.parseOrExpression(BaseRuleParser.java:666)
	at org.knime.base.node.rules.engine.BaseRuleParser.parseBooleanExpression(BaseRuleParser.java:654)
	at org.knime.base.node.rules.engine.SimpleRuleParser.parseCondition(SimpleRuleParser.java:278)
	at org.knime.base.node.rules.engine.SimpleRuleParser.parse(SimpleRuleParser.java:230)
	at org.knime.base.node.rules.engine.RuleFactory.parse(RuleFactory.java:191)
	at org.knime.base.node.rules.engine.twoports.RuleEngine2PortsNodeModel.computeRearrangerWithoutPMML(RuleEngine2PortsNodeModel.java:303)
	... 15 more
2019-10-17 11:58:02,711 : ERROR : KNIME-Worker-28 :  : Node : Rule Engine (Dictionary) : 0:24 : Execute failed: Wrong rule in line: Row0
Line: 1: Expected a number, string, column, a table property or flow variable reference.
(The operator AND is not supported.)
$Gender$="M" AND ($Weight$>= AND $Weight$<=61) AND ($Height$>= AND $Height$<=164)00 => "XS"
                             ^
org.knime.core.node.InvalidSettingsException: Wrong rule in line: Row0
Line: 1: Expected a number, string, column, a table property or flow variable reference.
(The operator AND is not supported.)
$Gender$="M" AND ($Weight$>= AND $Weight$<=61) AND ($Height$>= AND $Height$<=164)00 => "XS"
                             ^
	at org.knime.base.node.rules.engine.twoports.RuleEngine2PortsNodeModel.computeRearrangerWithoutPMML(RuleEngine2PortsNodeModel.java:309)
	at org.knime.base.node.rules.engine.twoports.RuleEngine2PortsNodeModel.createColumnRearranger(RuleEngine2PortsNodeModel.java:257)
	at org.knime.base.node.rules.engine.twoports.RuleEngine2PortsNodeModel.execute(RuleEngine2PortsNodeModel.java:122)
	at org.knime.core.node.NodeModel.executeModel(NodeModel.java:567)
	at org.knime.core.node.Node.invokeFullyNodeModelExecute(Node.java:1192)
	at org.knime.core.node.Node.execute(Node.java:979)
	at org.knime.core.node.workflow.NativeNodeContainer.performExecuteNode(NativeNodeContainer.java:559)
	at org.knime.core.node.exec.LocalNodeExecutionJob.mainExecute(LocalNodeExecutionJob.java:95)
	at org.knime.core.node.workflow.NodeExecutionJob.internalRun(NodeExecutionJob.java:179)
	at org.knime.core.node.workflow.NodeExecutionJob.run(NodeExecutionJob.java:110)
	at org.knime.core.util.ThreadUtils$RunnableWithContextImpl.runWithContext(ThreadUtils.java:328)
	at org.knime.core.util.ThreadUtils$RunnableWithContext.run(ThreadUtils.java:204)
	at java.util.concurrent.Executors$RunnableAdapter.call(Executors.java:511)
	at java.util.concurrent.FutureTask.run(FutureTask.java:266)
	at org.knime.core.util.ThreadPool$MyFuture.run(ThreadPool.java:123)
	at org.knime.core.util.ThreadPool$Worker.run(ThreadPool.java:246)
Caused by: java.text.ParseException: Line: 1: Expected a number, string, column, a table property or flow variable reference.
(The operator AND is not supported.)
$Gender$="M" AND ($Weight$>= AND $Weight$<=61) AND ($Height$>= AND $Height$<=164)00 => "XS"
                             ^
	at org.knime.base.node.rules.engine.BaseRuleParser.parseOperand(BaseRuleParser.java:1063)
	at org.knime.base.node.rules.engine.BaseRuleParser.handleRelationRightOperand(BaseRuleParser.java:920)
	at org.knime.base.node.rules.engine.BaseRuleParser.parseRelation(BaseRuleParser.java:857)
	at org.knime.base.node.rules.engine.BaseRuleParser.parseRootBooleanExpression(BaseRuleParser.java:757)
	at org.knime.base.node.rules.engine.BaseRuleParser.parseAndExpression(BaseRuleParser.java:712)
	at org.knime.base.node.rules.engine.BaseRuleParser.parseXorExpression(BaseRuleParser.java:689)
	at org.knime.base.node.rules.engine.BaseRuleParser.parseOrExpression(BaseRuleParser.java:666)
	at org.knime.base.node.rules.engine.BaseRuleParser.parseBooleanExpression(BaseRuleParser.java:654)
	at org.knime.base.node.rules.engine.BaseRuleParser.parseRootBooleanExpression(BaseRuleParser.java:739)
	at org.knime.base.node.rules.engine.BaseRuleParser.parseAndExpression(BaseRuleParser.java:717)
	at org.knime.base.node.rules.engine.BaseRuleParser.parseXorExpression(BaseRuleParser.java:689)
	at org.knime.base.node.rules.engine.BaseRuleParser.parseOrExpression(BaseRuleParser.java:666)
	at org.knime.base.node.rules.engine.BaseRuleParser.parseBooleanExpression(BaseRuleParser.java:654)
	at org.knime.base.node.rules.engine.SimpleRuleParser.parseCondition(SimpleRuleParser.java:278)
	at org.knime.base.node.rules.engine.SimpleRuleParser.parse(SimpleRuleParser.java:230)
	at org.knime.base.node.rules.engine.RuleFactory.parse(RuleFactory.java:191)
	at org.knime.base.node.rules.engine.twoports.RuleEngine2PortsNodeModel.computeRearrangerWithoutPMML(RuleEngine2PortsNodeModel.java:303)
	... 15 more
2019-10-17 14:04:26,566 : ERROR : ModalContext :  : FileSubNodeContainerPersistor : Deployment_workflow : 2 : Could not load input port information: Unable to restore port type, can't load class "org.knime.bigdata.spark.core.port.data.SparkDataPortObject"
org.knime.core.node.InvalidSettingsException: Unable to restore port type, can't load class "org.knime.bigdata.spark.core.port.data.SparkDataPortObject"
	at org.knime.core.node.port.PortType.load(PortType.java:268)
	at org.knime.core.node.port.PortType.load(PortType.java:249)
	at org.knime.core.node.workflow.FileSubNodeContainerPersistor.loadPort(FileSubNodeContainerPersistor.java:359)
	at org.knime.core.node.workflow.FileSubNodeContainerPersistor.preLoadNodeContainer(FileSubNodeContainerPersistor.java:273)
	at org.knime.core.node.workflow.FileWorkflowPersistor.loadNodeContainer(FileWorkflowPersistor.java:943)
	at org.knime.core.node.workflow.WorkflowManager.postLoad(WorkflowManager.java:7865)
	at org.knime.core.node.workflow.WorkflowManager.loadContent(WorkflowManager.java:7756)
	at org.knime.core.node.workflow.WorkflowManager.load(WorkflowManager.java:7710)
	at org.knime.core.node.workflow.WorkflowManager.load(WorkflowManager.java:7631)
	at org.knime.core.node.workflow.WorkflowManager.load(WorkflowManager.java:7604)
	at org.knime.core.node.workflow.WorkflowManager.loadProject(WorkflowManager.java:7449)
	at org.knime.workbench.editor2.LoadWorkflowRunnable.run(LoadWorkflowRunnable.java:175)
	at org.eclipse.jface.operation.ModalContext$ModalContextThread.run(ModalContext.java:119)
2019-10-17 14:04:26,609 : ERROR : ModalContext :  : FileSubNodeContainerPersistor : Deployment_workflow : 2 : Could not load output port information: Unable to restore port type, can't load class "org.knime.bigdata.spark.core.port.data.SparkDataPortObject"
org.knime.core.node.InvalidSettingsException: Unable to restore port type, can't load class "org.knime.bigdata.spark.core.port.data.SparkDataPortObject"
	at org.knime.core.node.port.PortType.load(PortType.java:268)
	at org.knime.core.node.port.PortType.load(PortType.java:249)
	at org.knime.core.node.workflow.FileSubNodeContainerPersistor.loadPort(FileSubNodeContainerPersistor.java:359)
	at org.knime.core.node.workflow.FileSubNodeContainerPersistor.preLoadNodeContainer(FileSubNodeContainerPersistor.java:333)
	at org.knime.core.node.workflow.FileWorkflowPersistor.loadNodeContainer(FileWorkflowPersistor.java:943)
	at org.knime.core.node.workflow.WorkflowManager.postLoad(WorkflowManager.java:7865)
	at org.knime.core.node.workflow.WorkflowManager.loadContent(WorkflowManager.java:7756)
	at org.knime.core.node.workflow.WorkflowManager.load(WorkflowManager.java:7710)
	at org.knime.core.node.workflow.WorkflowManager.load(WorkflowManager.java:7631)
	at org.knime.core.node.workflow.WorkflowManager.load(WorkflowManager.java:7604)
	at org.knime.core.node.workflow.WorkflowManager.loadProject(WorkflowManager.java:7449)
	at org.knime.workbench.editor2.LoadWorkflowRunnable.run(LoadWorkflowRunnable.java:175)
	at org.eclipse.jface.operation.ModalContext$ModalContextThread.run(ModalContext.java:119)
2019-10-17 14:04:26,706 : ERROR : ModalContext :  : FileSubNodeContainerPersistor : Deployment_workflow : 2 : Could not load input port information: Unable to restore port type, can't load class "org.knime.bigdata.spark.core.port.data.SparkDataPortObject"
org.knime.core.node.InvalidSettingsException: Unable to restore port type, can't load class "org.knime.bigdata.spark.core.port.data.SparkDataPortObject"
	at org.knime.core.node.port.PortType.load(PortType.java:268)
	at org.knime.core.node.port.PortType.load(PortType.java:249)
	at org.knime.core.node.workflow.FileSubNodeContainerPersistor.loadPort(FileSubNodeContainerPersistor.java:359)
	at org.knime.core.node.workflow.FileSubNodeContainerPersistor.preLoadNodeContainer(FileSubNodeContainerPersistor.java:273)
	at org.knime.core.node.workflow.FileWorkflowPersistor.loadNodeContainer(FileWorkflowPersistor.java:943)
	at org.knime.core.node.workflow.WorkflowManager.postLoad(WorkflowManager.java:7865)
	at org.knime.core.node.workflow.WorkflowManager.loadContent(WorkflowManager.java:7756)
	at org.knime.core.node.workflow.WorkflowManager.load(WorkflowManager.java:7710)
	at org.knime.core.node.workflow.WorkflowManager.load(WorkflowManager.java:7631)
	at org.knime.core.node.workflow.WorkflowManager.load(WorkflowManager.java:7604)
	at org.knime.core.node.workflow.WorkflowManager.loadProject(WorkflowManager.java:7449)
	at org.knime.workbench.editor2.LoadWorkflowRunnable.run(LoadWorkflowRunnable.java:175)
	at org.eclipse.jface.operation.ModalContext$ModalContextThread.run(ModalContext.java:119)
2019-10-17 14:04:26,750 : ERROR : ModalContext :  : FileSubNodeContainerPersistor : Deployment_workflow : 2 : Could not load output port information: Unable to restore port type, can't load class "org.knime.bigdata.spark.core.port.data.SparkDataPortObject"
org.knime.core.node.InvalidSettingsException: Unable to restore port type, can't load class "org.knime.bigdata.spark.core.port.data.SparkDataPortObject"
	at org.knime.core.node.port.PortType.load(PortType.java:268)
	at org.knime.core.node.port.PortType.load(PortType.java:249)
	at org.knime.core.node.workflow.FileSubNodeContainerPersistor.loadPort(FileSubNodeContainerPersistor.java:359)
	at org.knime.core.node.workflow.FileSubNodeContainerPersistor.preLoadNodeContainer(FileSubNodeContainerPersistor.java:333)
	at org.knime.core.node.workflow.FileWorkflowPersistor.loadNodeContainer(FileWorkflowPersistor.java:943)
	at org.knime.core.node.workflow.WorkflowManager.postLoad(WorkflowManager.java:7865)
	at org.knime.core.node.workflow.WorkflowManager.loadContent(WorkflowManager.java:7756)
	at org.knime.core.node.workflow.WorkflowManager.load(WorkflowManager.java:7710)
	at org.knime.core.node.workflow.WorkflowManager.load(WorkflowManager.java:7631)
	at org.knime.core.node.workflow.WorkflowManager.load(WorkflowManager.java:7604)
	at org.knime.core.node.workflow.WorkflowManager.loadProject(WorkflowManager.java:7449)
	at org.knime.workbench.editor2.LoadWorkflowRunnable.run(LoadWorkflowRunnable.java:175)
	at org.eclipse.jface.operation.ModalContext$ModalContextThread.run(ModalContext.java:119)
2019-10-17 14:04:26,794 : ERROR : ModalContext :  : FileSubNodeContainerPersistor : Deployment_workflow : 2 : Could not load input port information: Unable to restore port type, can't load class "org.knime.bigdata.spark.core.port.data.SparkDataPortObject"
org.knime.core.node.InvalidSettingsException: Unable to restore port type, can't load class "org.knime.bigdata.spark.core.port.data.SparkDataPortObject"
	at org.knime.core.node.port.PortType.load(PortType.java:268)
	at org.knime.core.node.port.PortType.load(PortType.java:249)
	at org.knime.core.node.workflow.FileSubNodeContainerPersistor.loadPort(FileSubNodeContainerPersistor.java:359)
	at org.knime.core.node.workflow.FileSubNodeContainerPersistor.preLoadNodeContainer(FileSubNodeContainerPersistor.java:273)
	at org.knime.core.node.workflow.FileWorkflowPersistor.loadNodeContainer(FileWorkflowPersistor.java:943)
	at org.knime.core.node.workflow.WorkflowManager.postLoad(WorkflowManager.java:7865)
	at org.knime.core.node.workflow.WorkflowManager.loadContent(WorkflowManager.java:7756)
	at org.knime.core.node.workflow.WorkflowManager.load(WorkflowManager.java:7710)
	at org.knime.core.node.workflow.WorkflowManager.load(WorkflowManager.java:7631)
	at org.knime.core.node.workflow.WorkflowManager.load(WorkflowManager.java:7604)
	at org.knime.core.node.workflow.WorkflowManager.loadProject(WorkflowManager.java:7449)
	at org.knime.workbench.editor2.LoadWorkflowRunnable.run(LoadWorkflowRunnable.java:175)
	at org.eclipse.jface.operation.ModalContext$ModalContextThread.run(ModalContext.java:119)
2019-10-17 14:04:26,828 : ERROR : ModalContext :  : FileSubNodeContainerPersistor : Deployment_workflow : 2 : Could not load output port information: Unable to restore port type, can't load class "org.knime.bigdata.spark.core.port.data.SparkDataPortObject"
org.knime.core.node.InvalidSettingsException: Unable to restore port type, can't load class "org.knime.bigdata.spark.core.port.data.SparkDataPortObject"
	at org.knime.core.node.port.PortType.load(PortType.java:268)
	at org.knime.core.node.port.PortType.load(PortType.java:249)
	at org.knime.core.node.workflow.FileSubNodeContainerPersistor.loadPort(FileSubNodeContainerPersistor.java:359)
	at org.knime.core.node.workflow.FileSubNodeContainerPersistor.preLoadNodeContainer(FileSubNodeContainerPersistor.java:333)
	at org.knime.core.node.workflow.FileWorkflowPersistor.loadNodeContainer(FileWorkflowPersistor.java:943)
	at org.knime.core.node.workflow.WorkflowManager.postLoad(WorkflowManager.java:7865)
	at org.knime.core.node.workflow.WorkflowManager.loadContent(WorkflowManager.java:7756)
	at org.knime.core.node.workflow.WorkflowManager.load(WorkflowManager.java:7710)
	at org.knime.core.node.workflow.WorkflowManager.load(WorkflowManager.java:7631)
	at org.knime.core.node.workflow.WorkflowManager.load(WorkflowManager.java:7604)
	at org.knime.core.node.workflow.WorkflowManager.loadProject(WorkflowManager.java:7449)
	at org.knime.workbench.editor2.LoadWorkflowRunnable.run(LoadWorkflowRunnable.java:175)
	at org.eclipse.jface.operation.ModalContext$ModalContextThread.run(ModalContext.java:119)
2019-10-17 14:04:26,904 : ERROR : ModalContext :  : FileSubNodeContainerPersistor : Deployment_workflow : 2 : Could not load input port information: Unable to restore port type, can't load class "org.knime.bigdata.spark.core.port.data.SparkDataPortObject"
org.knime.core.node.InvalidSettingsException: Unable to restore port type, can't load class "org.knime.bigdata.spark.core.port.data.SparkDataPortObject"
	at org.knime.core.node.port.PortType.load(PortType.java:268)
	at org.knime.core.node.port.PortType.load(PortType.java:249)
	at org.knime.core.node.workflow.FileSubNodeContainerPersistor.loadPort(FileSubNodeContainerPersistor.java:359)
	at org.knime.core.node.workflow.FileSubNodeContainerPersistor.preLoadNodeContainer(FileSubNodeContainerPersistor.java:273)
	at org.knime.core.node.workflow.FileWorkflowPersistor.loadNodeContainer(FileWorkflowPersistor.java:943)
	at org.knime.core.node.workflow.WorkflowManager.postLoad(WorkflowManager.java:7865)
	at org.knime.core.node.workflow.WorkflowManager.loadContent(WorkflowManager.java:7756)
	at org.knime.core.node.workflow.WorkflowManager.load(WorkflowManager.java:7710)
	at org.knime.core.node.workflow.WorkflowManager.load(WorkflowManager.java:7631)
	at org.knime.core.node.workflow.WorkflowManager.load(WorkflowManager.java:7604)
	at org.knime.core.node.workflow.WorkflowManager.loadProject(WorkflowManager.java:7449)
	at org.knime.workbench.editor2.LoadWorkflowRunnable.run(LoadWorkflowRunnable.java:175)
	at org.eclipse.jface.operation.ModalContext$ModalContextThread.run(ModalContext.java:119)
2019-10-17 14:04:27,031 : WARN  : ModalContext :  : Node : MISSING Create Local Big Data Environment : 2:988 : Node can't be executed - Node "Create Local Big Data Environment" not available from extension "KNIME Extension for Local Big Data Environments"
2019-10-17 14:04:27,157 : WARN  : ModalContext :  : Node : Model Reader : 2:1166 : Failed to extract specification from "knime://knime.workflow/data/RFmodel": Can't load class "org.knime.bigdata.spark.core.port.model.SparkModelPortObjectSpec"
2019-10-17 14:04:27,578 : ERROR : ModalContext :  : FileNativeNodeContainerPersistor : Preprocessing : 2:1180 : Unable to load additional factory settings into node factory (node "class "Optional[org.knime.core.node.workflow.virtual.subnode.VirtualSubNodeInputNodeFactory]" [node name: "WrappedNode Input", bundle-symbolic-name: org.knime.core, bundle-name: KNIME Core API, bundle-vendor: KNIME AG, Zurich, Switzerland, feature-symbolic-name: org.knime.features.base.feature.group, feature-name: KNIME Core,feature-vendor: KNIME AG, Zurich, Switzerland, feature-version: 3.7.1.v201901291053]")
2019-10-17 14:04:27,640 : ERROR : ModalContext :  : FileNativeNodeContainerPersistor : Preprocessing : 2:1180 : Unable to load additional factory settings into node factory (node "class "Optional[org.knime.core.node.workflow.virtual.subnode.VirtualSubNodeOutputNodeFactory]" [node name: "WrappedNode Output", bundle-symbolic-name: org.knime.core, bundle-name: KNIME Core API, bundle-vendor: KNIME AG, Zurich, Switzerland, feature-symbolic-name: org.knime.features.base.feature.group, feature-name: KNIME Core,feature-vendor: KNIME AG, Zurich, Switzerland, feature-version: 3.7.1.v201901291053]")
2019-10-17 14:04:27,646 : ERROR : ModalContext :  : FileSubNodeContainerPersistor : Preprocessing : 2:1180 : Post-load error (ClassCastException): org.knime.core.node.missing.MissingNodeModel cannot be cast to org.knime.core.node.workflow.virtual.subnode.VirtualSubNodeInputNodeModel
java.lang.ClassCastException: org.knime.core.node.missing.MissingNodeModel cannot be cast to org.knime.core.node.workflow.virtual.subnode.VirtualSubNodeInputNodeModel
	at org.knime.core.node.workflow.SubNodeContainer.getVirtualInNodeModel(SubNodeContainer.java:528)
	at org.knime.core.node.workflow.SubNodeContainer.postLoadWFM(SubNodeContainer.java:1652)
	at org.knime.core.node.workflow.FileSubNodeContainerPersistor$1.postLoad(FileSubNodeContainerPersistor.java:132)
	at org.knime.core.node.workflow.WorkflowManager.loadContent(WorkflowManager.java:7754)
	at org.knime.core.node.workflow.SubNodeContainer.performLoadContent(SubNodeContainer.java:1664)
	at org.knime.core.node.workflow.SingleNodeContainer.loadContent(SingleNodeContainer.java:783)
	at org.knime.core.node.workflow.WorkflowManager.postLoad(WorkflowManager.java:7881)
	at org.knime.core.node.workflow.WorkflowManager.loadContent(WorkflowManager.java:7756)
	at org.knime.core.node.workflow.WorkflowManager.postLoad(WorkflowManager.java:7881)
	at org.knime.core.node.workflow.WorkflowManager.loadContent(WorkflowManager.java:7756)
	at org.knime.core.node.workflow.WorkflowManager.load(WorkflowManager.java:7710)
	at org.knime.core.node.workflow.WorkflowManager.load(WorkflowManager.java:7631)
	at org.knime.core.node.workflow.WorkflowManager.load(WorkflowManager.java:7604)
	at org.knime.core.node.workflow.WorkflowManager.loadProject(WorkflowManager.java:7449)
	at org.knime.workbench.editor2.LoadWorkflowRunnable.run(LoadWorkflowRunnable.java:175)
	at org.eclipse.jface.operation.ModalContext$ModalContextThread.run(ModalContext.java:119)
2019-10-17 14:04:27,872 : ERROR : ModalContext :  : FileNativeNodeContainerPersistor : Spark Lag Column : 2:1093 : Unable to load additional factory settings into node factory (node "class "Optional[org.knime.core.node.workflow.virtual.subnode.VirtualSubNodeInputNodeFactory]" [node name: "WrappedNode Input", bundle-symbolic-name: org.knime.core, bundle-name: KNIME Core API, bundle-vendor: KNIME AG, Zurich, Switzerland, feature-symbolic-name: org.knime.features.base.feature.group, feature-name: KNIME Core,feature-vendor: KNIME AG, Zurich, Switzerland, feature-version: 3.7.1.v201901291053]")
2019-10-17 14:04:27,912 : ERROR : ModalContext :  : FileNativeNodeContainerPersistor : Spark Lag Column : 2:1093 : Unable to load additional factory settings into node factory (node "class "Optional[org.knime.core.node.workflow.virtual.subnode.VirtualSubNodeOutputNodeFactory]" [node name: "WrappedNode Output", bundle-symbolic-name: org.knime.core, bundle-name: KNIME Core API, bundle-vendor: KNIME AG, Zurich, Switzerland, feature-symbolic-name: org.knime.features.base.feature.group, feature-name: KNIME Core,feature-vendor: KNIME AG, Zurich, Switzerland, feature-version: 3.7.1.v201901291053]")
2019-10-17 14:04:28,087 : ERROR : ModalContext :  : FileSubNodeContainerPersistor : Spark Lag Column : 2:1093 : Post-load error (ClassCastException): org.knime.core.node.missing.MissingNodeModel cannot be cast to org.knime.core.node.workflow.virtual.subnode.VirtualSubNodeInputNodeModel
java.lang.ClassCastException: org.knime.core.node.missing.MissingNodeModel cannot be cast to org.knime.core.node.workflow.virtual.subnode.VirtualSubNodeInputNodeModel
	at org.knime.core.node.workflow.SubNodeContainer.getVirtualInNodeModel(SubNodeContainer.java:528)
	at org.knime.core.node.workflow.SubNodeContainer.postLoadWFM(SubNodeContainer.java:1652)
	at org.knime.core.node.workflow.FileSubNodeContainerPersistor$1.postLoad(FileSubNodeContainerPersistor.java:132)
	at org.knime.core.node.workflow.WorkflowManager.loadContent(WorkflowManager.java:7754)
	at org.knime.core.node.workflow.SubNodeContainer.performLoadContent(SubNodeContainer.java:1664)
	at org.knime.core.node.workflow.SingleNodeContainer.loadContent(SingleNodeContainer.java:783)
	at org.knime.core.node.workflow.WorkflowManager.postLoad(WorkflowManager.java:7881)
	at org.knime.core.node.workflow.WorkflowManager.loadContent(WorkflowManager.java:7756)
	at org.knime.core.node.workflow.WorkflowManager.postLoad(WorkflowManager.java:7881)
	at org.knime.core.node.workflow.WorkflowManager.loadContent(WorkflowManager.java:7756)
	at org.knime.core.node.workflow.WorkflowManager.load(WorkflowManager.java:7710)
	at org.knime.core.node.workflow.WorkflowManager.load(WorkflowManager.java:7631)
	at org.knime.core.node.workflow.WorkflowManager.load(WorkflowManager.java:7604)
	at org.knime.core.node.workflow.WorkflowManager.loadProject(WorkflowManager.java:7449)
	at org.knime.workbench.editor2.LoadWorkflowRunnable.run(LoadWorkflowRunnable.java:175)
	at org.eclipse.jface.operation.ModalContext$ModalContextThread.run(ModalContext.java:119)
2019-10-17 14:04:28,099 : WARN  : ModalContext :  : FileNodePersistor : MISSING Spark Missing Value : 2:1093:0:628 : Unable to load port content for node "MISSING Spark Missing Value": Invalid outport index in settings: 2
org.knime.core.node.InvalidSettingsException: Invalid outport index in settings: 2
	at org.knime.core.node.FileNodePersistor.loadPorts(FileNodePersistor.java:323)
	at org.knime.core.node.FileNodePersistor.load(FileNodePersistor.java:994)
	at org.knime.core.node.workflow.FileNativeNodeContainerPersistor.loadNCAndWashModelSettings(FileNativeNodeContainerPersistor.java:265)
	at org.knime.core.node.workflow.FileSingleNodeContainerPersistor.loadNodeContainer(FileSingleNodeContainerPersistor.java:259)
	at org.knime.core.node.workflow.WorkflowManager.postLoad(WorkflowManager.java:7865)
	at org.knime.core.node.workflow.WorkflowManager.loadContent(WorkflowManager.java:7756)
	at org.knime.core.node.workflow.SubNodeContainer.performLoadContent(SubNodeContainer.java:1664)
	at org.knime.core.node.workflow.SingleNodeContainer.loadContent(SingleNodeContainer.java:783)
	at org.knime.core.node.workflow.WorkflowManager.postLoad(WorkflowManager.java:7881)
	at org.knime.core.node.workflow.WorkflowManager.loadContent(WorkflowManager.java:7756)
	at org.knime.core.node.workflow.WorkflowManager.postLoad(WorkflowManager.java:7881)
	at org.knime.core.node.workflow.WorkflowManager.loadContent(WorkflowManager.java:7756)
	at org.knime.core.node.workflow.WorkflowManager.load(WorkflowManager.java:7710)
	at org.knime.core.node.workflow.WorkflowManager.load(WorkflowManager.java:7631)
	at org.knime.core.node.workflow.WorkflowManager.load(WorkflowManager.java:7604)
	at org.knime.core.node.workflow.WorkflowManager.loadProject(WorkflowManager.java:7449)
	at org.knime.workbench.editor2.LoadWorkflowRunnable.run(LoadWorkflowRunnable.java:175)
	at org.eclipse.jface.operation.ModalContext$ModalContextThread.run(ModalContext.java:119)
2019-10-17 14:04:28,479 : ERROR : ModalContext :  : FileNativeNodeContainerPersistor : Update time : 2:1181 : Unable to load additional factory settings into node factory (node "class "Optional[org.knime.core.node.workflow.virtual.subnode.VirtualSubNodeInputNodeFactory]" [node name: "WrappedNode Input", bundle-symbolic-name: org.knime.core, bundle-name: KNIME Core API, bundle-vendor: KNIME AG, Zurich, Switzerland, feature-symbolic-name: org.knime.features.base.feature.group, feature-name: KNIME Core,feature-vendor: KNIME AG, Zurich, Switzerland, feature-version: 3.7.1.v201901291053]")
2019-10-17 14:04:28,515 : ERROR : ModalContext :  : FileNativeNodeContainerPersistor : Update time : 2:1181 : Unable to load additional factory settings into node factory (node "class "Optional[org.knime.core.node.workflow.virtual.subnode.VirtualSubNodeOutputNodeFactory]" [node name: "WrappedNode Output", bundle-symbolic-name: org.knime.core, bundle-name: KNIME Core API, bundle-vendor: KNIME AG, Zurich, Switzerland, feature-symbolic-name: org.knime.features.base.feature.group, feature-name: KNIME Core,feature-vendor: KNIME AG, Zurich, Switzerland, feature-version: 3.7.1.v201901291053]")
2019-10-17 14:04:28,522 : ERROR : ModalContext :  : FileSubNodeContainerPersistor : Update time : 2:1181 : Post-load error (ClassCastException): org.knime.core.node.missing.MissingNodeModel cannot be cast to org.knime.core.node.workflow.virtual.subnode.VirtualSubNodeInputNodeModel
java.lang.ClassCastException: org.knime.core.node.missing.MissingNodeModel cannot be cast to org.knime.core.node.workflow.virtual.subnode.VirtualSubNodeInputNodeModel
	at org.knime.core.node.workflow.SubNodeContainer.getVirtualInNodeModel(SubNodeContainer.java:528)
	at org.knime.core.node.workflow.SubNodeContainer.postLoadWFM(SubNodeContainer.java:1652)
	at org.knime.core.node.workflow.FileSubNodeContainerPersistor$1.postLoad(FileSubNodeContainerPersistor.java:132)
	at org.knime.core.node.workflow.WorkflowManager.loadContent(WorkflowManager.java:7754)
	at org.knime.core.node.workflow.SubNodeContainer.performLoadContent(SubNodeContainer.java:1664)
	at org.knime.core.node.workflow.SingleNodeContainer.loadContent(SingleNodeContainer.java:783)
	at org.knime.core.node.workflow.WorkflowManager.postLoad(WorkflowManager.java:7881)
	at org.knime.core.node.workflow.WorkflowManager.loadContent(WorkflowManager.java:7756)
	at org.knime.core.node.workflow.WorkflowManager.postLoad(WorkflowManager.java:7881)
	at org.knime.core.node.workflow.WorkflowManager.loadContent(WorkflowManager.java:7756)
	at org.knime.core.node.workflow.WorkflowManager.load(WorkflowManager.java:7710)
	at org.knime.core.node.workflow.WorkflowManager.load(WorkflowManager.java:7631)
	at org.knime.core.node.workflow.WorkflowManager.load(WorkflowManager.java:7604)
	at org.knime.core.node.workflow.WorkflowManager.loadProject(WorkflowManager.java:7449)
	at org.knime.workbench.editor2.LoadWorkflowRunnable.run(LoadWorkflowRunnable.java:175)
	at org.eclipse.jface.operation.ModalContext$ModalContextThread.run(ModalContext.java:119)
2019-10-17 14:04:28,813 : ERROR : ModalContext :  : FileNativeNodeContainerPersistor : Table view : 2:1185 : Unable to load additional factory settings into node factory (node "class "Optional[org.knime.core.node.workflow.virtual.subnode.VirtualSubNodeInputNodeFactory]" [node name: "WrappedNode Input", bundle-symbolic-name: org.knime.core, bundle-name: KNIME Core API, bundle-vendor: KNIME AG, Zurich, Switzerland, feature-symbolic-name: org.knime.features.base.feature.group, feature-name: KNIME Core,feature-vendor: KNIME AG, Zurich, Switzerland, feature-version: 3.7.1.v201901291053]")
2019-10-17 14:04:28,826 : ERROR : ModalContext :  : FileSubNodeContainerPersistor : Table view : 2:1185 : Post-load error (ClassCastException): org.knime.core.node.missing.MissingNodeModel cannot be cast to org.knime.core.node.workflow.virtual.subnode.VirtualSubNodeInputNodeModel
java.lang.ClassCastException: org.knime.core.node.missing.MissingNodeModel cannot be cast to org.knime.core.node.workflow.virtual.subnode.VirtualSubNodeInputNodeModel
	at org.knime.core.node.workflow.SubNodeContainer.getVirtualInNodeModel(SubNodeContainer.java:528)
	at org.knime.core.node.workflow.SubNodeContainer.postLoadWFM(SubNodeContainer.java:1652)
	at org.knime.core.node.workflow.FileSubNodeContainerPersistor$1.postLoad(FileSubNodeContainerPersistor.java:132)
	at org.knime.core.node.workflow.WorkflowManager.loadContent(WorkflowManager.java:7754)
	at org.knime.core.node.workflow.SubNodeContainer.performLoadContent(SubNodeContainer.java:1664)
	at org.knime.core.node.workflow.SingleNodeContainer.loadContent(SingleNodeContainer.java:783)
	at org.knime.core.node.workflow.WorkflowManager.postLoad(WorkflowManager.java:7881)
	at org.knime.core.node.workflow.WorkflowManager.loadContent(WorkflowManager.java:7756)
	at org.knime.core.node.workflow.WorkflowManager.postLoad(WorkflowManager.java:7881)
	at org.knime.core.node.workflow.WorkflowManager.loadContent(WorkflowManager.java:7756)
	at org.knime.core.node.workflow.WorkflowManager.load(WorkflowManager.java:7710)
	at org.knime.core.node.workflow.WorkflowManager.load(WorkflowManager.java:7631)
	at org.knime.core.node.workflow.WorkflowManager.load(WorkflowManager.java:7604)
	at org.knime.core.node.workflow.WorkflowManager.loadProject(WorkflowManager.java:7449)
	at org.knime.workbench.editor2.LoadWorkflowRunnable.run(LoadWorkflowRunnable.java:175)
	at org.eclipse.jface.operation.ModalContext$ModalContextThread.run(ModalContext.java:119)
2019-10-17 14:04:28,914 : ERROR : ModalContext :  : LoadWorkflowRunnable :  :  : Errors during load: Status: DataLoadError: Deployment_workflow 2 loaded with error during data load
2019-10-17 14:04:28,914 : ERROR : ModalContext :  : LoadWorkflowRunnable :  :  :   Status: DataLoadError: Deployment_workflow 2
2019-10-17 14:04:28,914 : ERROR : ModalContext :  : LoadWorkflowRunnable :  :  :     Status: Error: Node "Create Local Big Data Environment" not available from extension "KNIME Extension for Local Big Data Environments"
2019-10-17 14:04:28,915 : ERROR : ModalContext :  : LoadWorkflowRunnable :  :  :     Status: Error: Node "Parquet to Spark" not available from extension "KNIME Extension for Apache Spark" (provided by "KNIME AG, Zurich, Switzerland"; plugin "org.knime.bigdata.spark.node" is not installed)
2019-10-17 14:04:28,915 : ERROR : ModalContext :  : LoadWorkflowRunnable :  :  :     Status: Error: Node "Spark Predictor" not available from extension "KNIME Extension for Apache Spark" (provided by "KNIME AG, Zurich, Switzerland"; plugin "org.knime.bigdata.spark.node" is not installed)
2019-10-17 14:04:28,915 : ERROR : ModalContext :  : LoadWorkflowRunnable :  :  :     Status: Error: wrapped node with ID suffix 1093
2019-10-17 14:04:28,915 : ERROR : ModalContext :  : LoadWorkflowRunnable :  :  :       Status: Error: Could not load input port information: Unable to restore port type, can't load class "org.knime.bigdata.spark.core.port.data.SparkDataPortObject"
2019-10-17 14:04:28,915 : ERROR : ModalContext :  : LoadWorkflowRunnable :  :  :       Status: Error: Could not load output port information: Unable to restore port type, can't load class "org.knime.bigdata.spark.core.port.data.SparkDataPortObject"
2019-10-17 14:04:28,915 : ERROR : ModalContext :  : LoadWorkflowRunnable :  :  :     Status: Error: wrapped node with ID suffix 1180
2019-10-17 14:04:28,916 : ERROR : ModalContext :  : LoadWorkflowRunnable :  :  :       Status: Error: Could not load input port information: Unable to restore port type, can't load class "org.knime.bigdata.spark.core.port.data.SparkDataPortObject"
2019-10-17 14:04:28,916 : ERROR : ModalContext :  : LoadWorkflowRunnable :  :  :       Status: Error: Could not load output port information: Unable to restore port type, can't load class "org.knime.bigdata.spark.core.port.data.SparkDataPortObject"
2019-10-17 14:04:28,916 : ERROR : ModalContext :  : LoadWorkflowRunnable :  :  :     Status: Error: wrapped node with ID suffix 1181
2019-10-17 14:04:28,916 : ERROR : ModalContext :  : LoadWorkflowRunnable :  :  :       Status: Error: Could not load input port information: Unable to restore port type, can't load class "org.knime.bigdata.spark.core.port.data.SparkDataPortObject"
2019-10-17 14:04:28,916 : ERROR : ModalContext :  : LoadWorkflowRunnable :  :  :       Status: Error: Could not load output port information: Unable to restore port type, can't load class "org.knime.bigdata.spark.core.port.data.SparkDataPortObject"
2019-10-17 14:04:28,917 : ERROR : ModalContext :  : LoadWorkflowRunnable :  :  :     Status: Error: wrapped node with ID suffix 1185
2019-10-17 14:04:28,917 : ERROR : ModalContext :  : LoadWorkflowRunnable :  :  :       Status: Error: Could not load input port information: Unable to restore port type, can't load class "org.knime.bigdata.spark.core.port.data.SparkDataPortObject"
2019-10-17 14:04:28,917 : ERROR : ModalContext :  : LoadWorkflowRunnable :  :  :     Status: Warning: MISSING Create Local Big Data Environment 2:988
2019-10-17 14:04:28,917 : ERROR : ModalContext :  : LoadWorkflowRunnable :  :  :       Status: Warning: State has changed from CONFIGURED to IDLE
2019-10-17 14:04:28,917 : ERROR : ModalContext :  : LoadWorkflowRunnable :  :  :     Status: Warning: Model Reader 2:1166
2019-10-17 14:04:28,918 : ERROR : ModalContext :  : LoadWorkflowRunnable :  :  :       Status: Warning: State has changed from CONFIGURED to IDLE
2019-10-17 14:04:28,918 : ERROR : ModalContext :  : LoadWorkflowRunnable :  :  :     Status: Error: Preprocessing 2:1180
2019-10-17 14:04:28,919 : ERROR : ModalContext :  : LoadWorkflowRunnable :  :  :       Status: Error: Node "Spark GroupBy" not available from extension "KNIME Extension for Apache Spark" (provided by "KNIME AG, Zurich, Switzerland"; plugin "org.knime.bigdata.spark.node" is not installed)
2019-10-17 14:04:28,919 : ERROR : ModalContext :  : LoadWorkflowRunnable :  :  :       Status: Error: Node "Spark SQL Query" not available from extension "KNIME Extension for Apache Spark" (provided by "KNIME AG, Zurich, Switzerland"; plugin "org.knime.bigdata.spark.node" is not installed)
2019-10-17 14:04:28,919 : ERROR : ModalContext :  : LoadWorkflowRunnable :  :  :       Status: Error: Node "Spark SQL Query" not available from extension "KNIME Extension for Apache Spark" (provided by "KNIME AG, Zurich, Switzerland"; plugin "org.knime.bigdata.spark.node" is not installed)
2019-10-17 14:04:28,919 : ERROR : ModalContext :  : LoadWorkflowRunnable :  :  :       Status: Error: Unable to load additional factory settings into node factory (node "class "Optional[org.knime.core.node.workflow.virtual.subnode.VirtualSubNodeInputNodeFactory]" [node name: "WrappedNode Input", bundle-symbolic-name: org.knime.core, bundle-name: KNIME Core API, bundle-vendor: KNIME AG, Zurich, Switzerland, feature-symbolic-name: org.knime.features.base.feature.group, feature-name: KNIME Core,feature-vendor: KNIME AG, Zurich, Switzerland, feature-version: 3.7.1.v201901291053]")
2019-10-17 14:04:28,919 : ERROR : ModalContext :  : LoadWorkflowRunnable :  :  :       Status: Error: Unable to load additional factory settings into node factory (node "class "Optional[org.knime.core.node.workflow.virtual.subnode.VirtualSubNodeOutputNodeFactory]" [node name: "WrappedNode Output", bundle-symbolic-name: org.knime.core, bundle-name: KNIME Core API, bundle-vendor: KNIME AG, Zurich, Switzerland, feature-symbolic-name: org.knime.features.base.feature.group, feature-name: KNIME Core,feature-vendor: KNIME AG, Zurich, Switzerland, feature-version: 3.7.1.v201901291053]")
2019-10-17 14:04:28,920 : ERROR : ModalContext :  : LoadWorkflowRunnable :  :  :       Status: Error: Post-load error (ClassCastException): org.knime.core.node.missing.MissingNodeModel cannot be cast to org.knime.core.node.workflow.virtual.subnode.VirtualSubNodeInputNodeModel
2019-10-17 14:04:28,920 : ERROR : ModalContext :  : LoadWorkflowRunnable :  :  :       Status: Error: Virtual output node is not of expected type (expected org.knime.core.node.workflow.virtual.subnode.VirtualSubNodeOutputNodeModel, actual org.knime.core.node.missing.MissingNodeModel) - creating new instance (ID 1175)
2019-10-17 14:04:28,920 : ERROR : ModalContext :  : LoadWorkflowRunnable :  :  :       Status: Error: Virtual input node is not of expected type (expected org.knime.core.node.workflow.virtual.subnode.VirtualSubNodeInputNodeModel, actual org.knime.core.node.missing.MissingNodeModel) - creating new instance (ID 1176)
2019-10-17 14:04:28,920 : ERROR : ModalContext :  : LoadWorkflowRunnable :  :  :     Status: DataLoadError: Spark Lag Column 2:1093
2019-10-17 14:04:28,921 : ERROR : ModalContext :  : LoadWorkflowRunnable :  :  :       Status: Error: Node "Spark SQL Query" not available from extension "KNIME Extension for Apache Spark" (provided by "KNIME AG, Zurich, Switzerland"; plugin "org.knime.bigdata.spark.node" is not installed)
2019-10-17 14:04:28,921 : ERROR : ModalContext :  : LoadWorkflowRunnable :  :  :       Status: Error: Node "Empty Table Creator" not available from extension "KNIME Data Generation" (provided by "KNIME AG, Zurich, Switzerland"; plugin "org.knime.datageneration" is not installed)
2019-10-17 14:04:28,921 : ERROR : ModalContext :  : LoadWorkflowRunnable :  :  :       Status: Error: Unable to load additional factory settings into node factory (node "class "Optional[org.knime.core.node.workflow.virtual.subnode.VirtualSubNodeInputNodeFactory]" [node name: "WrappedNode Input", bundle-symbolic-name: org.knime.core, bundle-name: KNIME Core API, bundle-vendor: KNIME AG, Zurich, Switzerland, feature-symbolic-name: org.knime.features.base.feature.group, feature-name: KNIME Core,feature-vendor: KNIME AG, Zurich, Switzerland, feature-version: 3.7.1.v201901291053]")
2019-10-17 14:04:28,921 : ERROR : ModalContext :  : LoadWorkflowRunnable :  :  :       Status: Error: Unable to load additional factory settings into node factory (node "class "Optional[org.knime.core.node.workflow.virtual.subnode.VirtualSubNodeOutputNodeFactory]" [node name: "WrappedNode Output", bundle-symbolic-name: org.knime.core, bundle-name: KNIME Core API, bundle-vendor: KNIME AG, Zurich, Switzerland, feature-symbolic-name: org.knime.features.base.feature.group, feature-name: KNIME Core,feature-vendor: KNIME AG, Zurich, Switzerland, feature-version: 3.7.1.v201901291053]")
2019-10-17 14:04:28,922 : ERROR : ModalContext :  : LoadWorkflowRunnable :  :  :       Status: Error: Node "Spark to Table" not available from extension "KNIME Extension for Apache Spark" (provided by "KNIME AG, Zurich, Switzerland"; plugin "org.knime.bigdata.spark.node" is not installed)
2019-10-17 14:04:28,922 : ERROR : ModalContext :  : LoadWorkflowRunnable :  :  :       Status: Error: Node "Spark Missing Value" not available from extension "KNIME Extension for Apache Spark" (provided by "KNIME AG, Zurich, Switzerland"; plugin "org.knime.bigdata.spark.node" is not installed)
2019-10-17 14:04:28,922 : ERROR : ModalContext :  : LoadWorkflowRunnable :  :  :       Status: Error: Post-load error (ClassCastException): org.knime.core.node.missing.MissingNodeModel cannot be cast to org.knime.core.node.workflow.virtual.subnode.VirtualSubNodeInputNodeModel
2019-10-17 14:04:28,922 : ERROR : ModalContext :  : LoadWorkflowRunnable :  :  :       Status: DataLoadError: MISSING Spark Missing Value 2:1093:0:628
2019-10-17 14:04:28,923 : ERROR : ModalContext :  : LoadWorkflowRunnable :  :  :         Status: DataLoadError: Unable to load port content for node "MISSING Spark Missing Value": Invalid outport index in settings: 2
2019-10-17 14:04:28,923 : ERROR : ModalContext :  : LoadWorkflowRunnable :  :  :       Status: Error: Virtual output node is not of expected type (expected org.knime.core.node.workflow.virtual.subnode.VirtualSubNodeOutputNodeModel, actual org.knime.core.node.missing.MissingNodeModel) - creating new instance (ID 629)
2019-10-17 14:04:28,923 : ERROR : ModalContext :  : LoadWorkflowRunnable :  :  :       Status: Error: Virtual input node is not of expected type (expected org.knime.core.node.workflow.virtual.subnode.VirtualSubNodeInputNodeModel, actual org.knime.core.node.missing.MissingNodeModel) - creating new instance (ID 630)
2019-10-17 14:04:28,923 : ERROR : ModalContext :  : LoadWorkflowRunnable :  :  :     Status: Error: Update time 2:1181
2019-10-17 14:04:28,923 : ERROR : ModalContext :  : LoadWorkflowRunnable :  :  :       Status: Error: Node "Spark Column Rename" not available from extension "KNIME Extension for Apache Spark" (provided by "KNIME AG, Zurich, Switzerland"; plugin "org.knime.bigdata.spark.node" is not installed)
2019-10-17 14:04:28,925 : ERROR : ModalContext :  : LoadWorkflowRunnable :  :  :       Status: Error: Node "Spark Column Filter" not available from extension "KNIME Extension for Apache Spark" (provided by "KNIME AG, Zurich, Switzerland"; plugin "org.knime.bigdata.spark.node" is not installed)
2019-10-17 14:04:28,925 : ERROR : ModalContext :  : LoadWorkflowRunnable :  :  :       Status: Error: Node "Spark SQL Query" not available from extension "KNIME Extension for Apache Spark" (provided by "KNIME AG, Zurich, Switzerland"; plugin "org.knime.bigdata.spark.node" is not installed)
2019-10-17 14:04:28,926 : ERROR : ModalContext :  : LoadWorkflowRunnable :  :  :       Status: Error: Node "Spark SQL Query" not available from extension "KNIME Extension for Apache Spark" (provided by "KNIME AG, Zurich, Switzerland"; plugin "org.knime.bigdata.spark.node" is not installed)
2019-10-17 14:04:28,926 : ERROR : ModalContext :  : LoadWorkflowRunnable :  :  :       Status: Error: Node "Spark SQL Query" not available from extension "KNIME Extension for Apache Spark" (provided by "KNIME AG, Zurich, Switzerland"; plugin "org.knime.bigdata.spark.node" is not installed)
2019-10-17 14:04:28,926 : ERROR : ModalContext :  : LoadWorkflowRunnable :  :  :       Status: Error: Node "Spark SQL Query" not available from extension "KNIME Extension for Apache Spark" (provided by "KNIME AG, Zurich, Switzerland"; plugin "org.knime.bigdata.spark.node" is not installed)
2019-10-17 14:04:28,926 : ERROR : ModalContext :  : LoadWorkflowRunnable :  :  :       Status: Error: Node "Spark Column Filter" not available from extension "KNIME Extension for Apache Spark" (provided by "KNIME AG, Zurich, Switzerland"; plugin "org.knime.bigdata.spark.node" is not installed)
2019-10-17 14:04:28,926 : ERROR : ModalContext :  : LoadWorkflowRunnable :  :  :       Status: Error: Node "Spark Column Filter" not available from extension "KNIME Extension for Apache Spark" (provided by "KNIME AG, Zurich, Switzerland"; plugin "org.knime.bigdata.spark.node" is not installed)
2019-10-17 14:04:28,926 : ERROR : ModalContext :  : LoadWorkflowRunnable :  :  :       Status: Error: Node "Spark Column Rename (Regex)" not available from extension "KNIME Extension for Apache Spark" (provided by "KNIME AG, Zurich, Switzerland"; plugin "org.knime.bigdata.spark.node" is not installed)
2019-10-17 14:04:28,926 : ERROR : ModalContext :  : LoadWorkflowRunnable :  :  :       Status: Error: Unable to load additional factory settings into node factory (node "class "Optional[org.knime.core.node.workflow.virtual.subnode.VirtualSubNodeInputNodeFactory]" [node name: "WrappedNode Input", bundle-symbolic-name: org.knime.core, bundle-name: KNIME Core API, bundle-vendor: KNIME AG, Zurich, Switzerland, feature-symbolic-name: org.knime.features.base.feature.group, feature-name: KNIME Core,feature-vendor: KNIME AG, Zurich, Switzerland, feature-version: 3.7.1.v201901291053]")
2019-10-17 14:04:28,927 : ERROR : ModalContext :  : LoadWorkflowRunnable :  :  :       Status: Error: Unable to load additional factory settings into node factory (node "class "Optional[org.knime.core.node.workflow.virtual.subnode.VirtualSubNodeOutputNodeFactory]" [node name: "WrappedNode Output", bundle-symbolic-name: org.knime.core, bundle-name: KNIME Core API, bundle-vendor: KNIME AG, Zurich, Switzerland, feature-symbolic-name: org.knime.features.base.feature.group, feature-name: KNIME Core,feature-vendor: KNIME AG, Zurich, Switzerland, feature-version: 3.7.1.v201901291053]")
2019-10-17 14:04:28,927 : ERROR : ModalContext :  : LoadWorkflowRunnable :  :  :       Status: Error: Post-load error (ClassCastException): org.knime.core.node.missing.MissingNodeModel cannot be cast to org.knime.core.node.workflow.virtual.subnode.VirtualSubNodeInputNodeModel
2019-10-17 14:04:28,927 : ERROR : ModalContext :  : LoadWorkflowRunnable :  :  :       Status: Error: Virtual output node is not of expected type (expected org.knime.core.node.workflow.virtual.subnode.VirtualSubNodeOutputNodeModel, actual org.knime.core.node.missing.MissingNodeModel) - creating new instance (ID 1182)
2019-10-17 14:04:28,927 : ERROR : ModalContext :  : LoadWorkflowRunnable :  :  :       Status: Error: Virtual input node is not of expected type (expected org.knime.core.node.workflow.virtual.subnode.VirtualSubNodeInputNodeModel, actual org.knime.core.node.missing.MissingNodeModel) - creating new instance (ID 1183)
2019-10-17 14:04:28,927 : ERROR : ModalContext :  : LoadWorkflowRunnable :  :  :     Status: Error: Table view 2:1185
2019-10-17 14:04:28,928 : ERROR : ModalContext :  : LoadWorkflowRunnable :  :  :       Status: Error: Node "Spark to Table" not available from extension "KNIME Extension for Apache Spark" (provided by "KNIME AG, Zurich, Switzerland"; plugin "org.knime.bigdata.spark.node" is not installed)
2019-10-17 14:04:28,928 : ERROR : ModalContext :  : LoadWorkflowRunnable :  :  :       Status: Error: Node "Spark Column Filter" not available from extension "KNIME Extension for Apache Spark" (provided by "KNIME AG, Zurich, Switzerland"; plugin "org.knime.bigdata.spark.node" is not installed)
2019-10-17 14:04:28,928 : ERROR : ModalContext :  : LoadWorkflowRunnable :  :  :       Status: Error: Unable to load additional factory settings into node factory (node "class "Optional[org.knime.core.node.workflow.virtual.subnode.VirtualSubNodeInputNodeFactory]" [node name: "WrappedNode Input", bundle-symbolic-name: org.knime.core, bundle-name: KNIME Core API, bundle-vendor: KNIME AG, Zurich, Switzerland, feature-symbolic-name: org.knime.features.base.feature.group, feature-name: KNIME Core,feature-vendor: KNIME AG, Zurich, Switzerland, feature-version: 3.7.1.v201901291053]")
2019-10-17 14:04:28,928 : ERROR : ModalContext :  : LoadWorkflowRunnable :  :  :       Status: Error: Post-load error (ClassCastException): org.knime.core.node.missing.MissingNodeModel cannot be cast to org.knime.core.node.workflow.virtual.subnode.VirtualSubNodeInputNodeModel
2019-10-17 14:04:28,928 : ERROR : ModalContext :  : LoadWorkflowRunnable :  :  :       Status: Error: Virtual input node is not of expected type (expected org.knime.core.node.workflow.virtual.subnode.VirtualSubNodeInputNodeModel, actual org.knime.core.node.missing.MissingNodeModel) - creating new instance (ID 1187)
