janv. 05, 2020 7:04:19 PM org.eclipse.birt.report.engine.executor.ExtendedGenerateExecutor execute
GRAVE: Group on column: cap-shape is not a supported operation.
org.eclipse.birt.data.engine.core.DataException: Group on column: cap-shape is not a supported operation.
	at org.eclipse.birt.data.engine.impl.ExprManagerUtil.checkGroupNameValidation(ExprManagerUtil.java:103)
	at org.eclipse.birt.data.engine.impl.ExprManagerUtil.validateColumnBinding(ExprManagerUtil.java:77)
	at org.eclipse.birt.data.engine.impl.ExprManager.validateColumnBinding(ExprManager.java:195)
	at org.eclipse.birt.data.engine.impl.ServiceForQueryResults.validateQuery(ServiceForQueryResults.java:948)
	at org.eclipse.birt.data.engine.impl.QueryResults.getResultIterator(QueryResults.java:175)
	at org.eclipse.birt.report.engine.data.dte.QueryResultSet.<init>(QueryResultSet.java:98)
	at org.eclipse.birt.report.engine.data.dte.DteDataEngine.doExecuteQuery(DteDataEngine.java:168)
	at org.eclipse.birt.report.engine.data.dte.DataGenerationEngine.doExecuteQuery(DataGenerationEngine.java:83)
	at org.eclipse.birt.report.engine.data.dte.AbstractDataEngine.execute(AbstractDataEngine.java:286)
	at org.eclipse.birt.report.engine.executor.ExtendedGenerateExecutor.executeQueries(ExtendedGenerateExecutor.java:205)
	at org.eclipse.birt.report.engine.executor.ExtendedGenerateExecutor.execute(ExtendedGenerateExecutor.java:65)
	at org.eclipse.birt.report.engine.executor.ExtendedItemExecutor.execute(ExtendedItemExecutor.java:62)
	at org.eclipse.birt.report.engine.internal.executor.wrap.WrappedReportItemExecutor.execute(WrappedReportItemExecutor.java:46)
	at org.eclipse.birt.report.engine.internal.executor.emitter.ReportItemEmitterExecutor.execute(ReportItemEmitterExecutor.java:46)
	at org.eclipse.birt.report.engine.internal.executor.dup.SuppressDuplicateItemExecutor.execute(SuppressDuplicateItemExecutor.java:43)
	at org.eclipse.birt.report.engine.layout.html.HTMLBlockStackingLM.layoutNodes(HTMLBlockStackingLM.java:65)
	at org.eclipse.birt.report.engine.layout.html.HTMLPageLM.layout(HTMLPageLM.java:92)
	at org.eclipse.birt.report.engine.layout.html.HTMLReportLayoutEngine.layout(HTMLReportLayoutEngine.java:100)
	at org.eclipse.birt.report.engine.presentation.ReportDocumentBuilder.build(ReportDocumentBuilder.java:258)
	at org.eclipse.birt.report.engine.api.impl.RunTask.doRun(RunTask.java:273)
	at org.eclipse.birt.report.engine.api.impl.RunTask.run(RunTask.java:89)
	at org.eclipse.birt.report.service.ReportEngineService.runReport(ReportEngineService.java:1325)
	at org.eclipse.birt.report.service.BirtViewerReportService.runReport(BirtViewerReportService.java:159)
	at org.eclipse.birt.report.service.actionhandler.BirtRunReportActionHandler.__execute(BirtRunReportActionHandler.java:81)
	at org.eclipse.birt.report.service.actionhandler.BirtGetPageActionHandler.__checkDocumentExists(BirtGetPageActionHandler.java:58)
	at org.eclipse.birt.report.service.actionhandler.AbstractGetPageActionHandler.prepareParameters(AbstractGetPageActionHandler.java:118)
	at org.eclipse.birt.report.service.actionhandler.AbstractGetPageActionHandler.__execute(AbstractGetPageActionHandler.java:103)
	at org.eclipse.birt.report.service.actionhandler.AbstractBaseActionHandler.execute(AbstractBaseActionHandler.java:90)
	at org.eclipse.birt.report.soapengine.processor.AbstractBaseDocumentProcessor.__executeAction(AbstractBaseDocumentProcessor.java:47)
	at org.eclipse.birt.report.soapengine.processor.AbstractBaseComponentProcessor.executeAction(AbstractBaseComponentProcessor.java:143)
	at org.eclipse.birt.report.soapengine.processor.BirtDocumentProcessor.handleGetPage(BirtDocumentProcessor.java:87)
	at sun.reflect.GeneratedMethodAccessor131.invoke(Unknown Source)
	at sun.reflect.DelegatingMethodAccessorImpl.invoke(DelegatingMethodAccessorImpl.java:43)
	at java.lang.reflect.Method.invoke(Method.java:498)
	at org.eclipse.birt.report.soapengine.processor.AbstractBaseComponentProcessor.process(AbstractBaseComponentProcessor.java:112)
	at org.eclipse.birt.report.soapengine.endpoint.BirtSoapBindingImpl.getUpdatedObjects(BirtSoapBindingImpl.java:66)
	at sun.reflect.GeneratedMethodAccessor125.invoke(Unknown Source)
	at sun.reflect.DelegatingMethodAccessorImpl.invoke(DelegatingMethodAccessorImpl.java:43)
	at java.lang.reflect.Method.invoke(Method.java:498)
	at org.apache.axis.providers.java.RPCProvider.invokeMethod(RPCProvider.java:397)
	at org.apache.axis.providers.java.RPCProvider.processMessage(RPCProvider.java:186)
	at org.apache.axis.providers.java.JavaProvider.invoke(JavaProvider.java:323)
	at org.apache.axis.strategies.InvocationStrategy.visit(InvocationStrategy.java:32)
	at org.apache.axis.SimpleChain.doVisiting(SimpleChain.java:118)
	at org.apache.axis.SimpleChain.invoke(SimpleChain.java:83)
	at org.apache.axis.handlers.soap.SOAPService.invoke(SOAPService.java:454)
	at org.apache.axis.server.AxisServer.invoke(AxisServer.java:281)
	at org.apache.axis.transport.http.AxisServlet.doPost(AxisServlet.java:699)
	at org.eclipse.birt.report.servlet.BirtSoapMessageDispatcherServlet.doPost(BirtSoapMessageDispatcherServlet.java:265)
	at javax.servlet.http.HttpServlet.service(HttpServlet.java:707)
	at org.apache.axis.transport.http.AxisServletBase.service(AxisServletBase.java:327)
	at javax.servlet.http.HttpServlet.service(HttpServlet.java:790)
	at org.eclipse.birt.report.servlet.BirtSoapMessageDispatcherServlet.service(BirtSoapMessageDispatcherServlet.java:122)
	at org.eclipse.jetty.servlet.ServletHolder.handle(ServletHolder.java:860)
	at org.eclipse.jetty.servlet.ServletHandler$CachedChain.doFilter(ServletHandler.java:1650)
	at org.eclipse.birt.report.filter.ViewerFilter.doFilter(ViewerFilter.java:68)
	at org.eclipse.jetty.servlet.ServletHandler$CachedChain.doFilter(ServletHandler.java:1629)
	at org.eclipse.jetty.servlet.ServletHandler.doHandle(ServletHandler.java:533)
	at org.eclipse.jetty.server.handler.ScopedHandler.handle(ScopedHandler.java:143)
	at org.eclipse.jetty.security.SecurityHandler.handle(SecurityHandler.java:548)
	at org.eclipse.jetty.server.handler.HandlerWrapper.handle(HandlerWrapper.java:132)
	at org.eclipse.jetty.server.handler.ScopedHandler.nextHandle(ScopedHandler.java:190)
	at org.eclipse.jetty.server.session.SessionHandler.doHandle(SessionHandler.java:1595)
	at org.eclipse.jetty.server.handler.ScopedHandler.nextHandle(ScopedHandler.java:188)
	at org.eclipse.jetty.server.handler.ContextHandler.doHandle(ContextHandler.java:1253)
	at org.eclipse.jetty.server.handler.ScopedHandler.nextScope(ScopedHandler.java:168)
	at org.eclipse.jetty.servlet.ServletHandler.doScope(ServletHandler.java:473)
	at org.eclipse.jetty.server.session.SessionHandler.doScope(SessionHandler.java:1564)
	at org.eclipse.jetty.server.handler.ScopedHandler.nextScope(ScopedHandler.java:166)
	at org.eclipse.jetty.server.handler.ContextHandler.doScope(ContextHandler.java:1155)
	at org.eclipse.jetty.server.handler.ScopedHandler.handle(ScopedHandler.java:141)
	at org.eclipse.jetty.server.handler.ContextHandlerCollection.handle(ContextHandlerCollection.java:219)
	at org.eclipse.jetty.server.handler.HandlerCollection.handle(HandlerCollection.java:126)
	at org.eclipse.jetty.server.handler.HandlerWrapper.handle(HandlerWrapper.java:132)
	at org.eclipse.jetty.server.Server.handle(Server.java:530)
	at org.eclipse.jetty.server.HttpChannel.handle(HttpChannel.java:347)
	at org.eclipse.jetty.server.HttpConnection.onFillable(HttpConnection.java:256)
	at org.eclipse.jetty.io.AbstractConnection$ReadCallback.succeeded(AbstractConnection.java:279)
	at org.eclipse.jetty.io.FillInterest.fillable(FillInterest.java:102)
	at org.eclipse.jetty.io.ChannelEndPoint$2.run(ChannelEndPoint.java:124)
	at org.eclipse.jetty.util.thread.strategy.EatWhatYouKill.doProduce(EatWhatYouKill.java:247)
	at org.eclipse.jetty.util.thread.strategy.EatWhatYouKill.produce(EatWhatYouKill.java:140)
	at org.eclipse.jetty.util.thread.strategy.EatWhatYouKill.run(EatWhatYouKill.java:131)
	at org.eclipse.jetty.util.thread.ReservedThreadExecutor$ReservedThread.run(ReservedThreadExecutor.java:382)
	at org.eclipse.jetty.util.thread.QueuedThreadPool.runJob(QueuedThreadPool.java:708)
	at org.eclipse.jetty.util.thread.QueuedThreadPool$2.run(QueuedThreadPool.java:626)
	at java.lang.Thread.run(Thread.java:748)

janv. 05, 2020 9:22:42 PM org.eclipse.birt.report.engine.presentation.LocalizedContentVisitor processExtendedContent
GRAVE: Unable to use a text data to render a numerical/datetime axis.
org.eclipse.birt.chart.exception.ChartException: Unable to use a text data to render a numerical/datetime axis.
	at org.eclipse.birt.chart.factory.Generator.build(Generator.java:1179)
	at org.eclipse.birt.chart.reportitem.ChartReportItemPresentationBase.buildChart(ChartReportItemPresentationBase.java:1090)
	at org.eclipse.birt.chart.reportitem.ChartReportItemPresentationBase.generateRenderObject(ChartReportItemPresentationBase.java:975)
	at org.eclipse.birt.chart.reportitem.ChartReportItemPresentationBase.onRowSets(ChartReportItemPresentationBase.java:905)
	at org.eclipse.birt.chart.reportitem.ChartReportItemPresentationProxy.onRowSets(ChartReportItemPresentationProxy.java:108)
	at org.eclipse.birt.report.engine.presentation.LocalizedContentVisitor.processExtendedContent(LocalizedContentVisitor.java:1100)
	at org.eclipse.birt.report.engine.presentation.LocalizedContentVisitor.localizeForeign(LocalizedContentVisitor.java:602)
	at org.eclipse.birt.report.engine.presentation.LocalizedContentVisitor.localize(LocalizedContentVisitor.java:176)
	at org.eclipse.birt.report.engine.internal.executor.l18n.LocalizedReportItemExecutor.execute(LocalizedReportItemExecutor.java:37)
	at org.eclipse.birt.report.engine.layout.html.HTMLBlockStackingLM.layoutNodes(HTMLBlockStackingLM.java:65)
	at org.eclipse.birt.report.engine.layout.html.HTMLPageLM.layout(HTMLPageLM.java:92)
	at org.eclipse.birt.report.engine.layout.html.HTMLReportLayoutEngine.layout(HTMLReportLayoutEngine.java:100)
	at org.eclipse.birt.report.engine.api.impl.RunAndRenderTask.doRun(RunAndRenderTask.java:181)
	at org.eclipse.birt.report.engine.api.impl.RunAndRenderTask.run(RunAndRenderTask.java:77)
	at org.eclipse.birt.report.service.ReportEngineService.runAndRenderReport(ReportEngineService.java:937)
	at org.eclipse.birt.report.service.BirtViewerReportService.runAndRenderReport(BirtViewerReportService.java:973)
	at org.eclipse.birt.report.service.actionhandler.BirtRunAndRenderActionHandler.__execute(BirtRunAndRenderActionHandler.java:76)
	at org.eclipse.birt.report.service.actionhandler.AbstractBaseActionHandler.execute(AbstractBaseActionHandler.java:90)
	at org.eclipse.birt.report.presentation.aggregation.layout.EngineFragment.doService(EngineFragment.java:318)
	at org.eclipse.birt.report.presentation.aggregation.AbstractBaseFragment.service(AbstractBaseFragment.java:76)
	at org.eclipse.birt.report.servlet.BirtEngineServlet.__doGet(BirtEngineServlet.java:116)
	at org.eclipse.birt.report.servlet.BaseReportEngineServlet.doGet(BaseReportEngineServlet.java:185)
	at javax.servlet.http.HttpServlet.service(HttpServlet.java:687)
	at org.apache.axis.transport.http.AxisServletBase.service(AxisServletBase.java:327)
	at javax.servlet.http.HttpServlet.service(HttpServlet.java:790)
	at org.eclipse.birt.report.servlet.BaseReportEngineServlet.service(BaseReportEngineServlet.java:116)
	at org.eclipse.jetty.servlet.ServletHolder.handle(ServletHolder.java:860)
	at org.eclipse.jetty.servlet.ServletHandler$CachedChain.doFilter(ServletHandler.java:1650)
	at org.eclipse.birt.report.filter.ViewerFilter.doFilter(ViewerFilter.java:68)
	at org.eclipse.jetty.servlet.ServletHandler$CachedChain.doFilter(ServletHandler.java:1629)
	at org.eclipse.jetty.servlet.ServletHandler.doHandle(ServletHandler.java:533)
	at org.eclipse.jetty.server.handler.ScopedHandler.handle(ScopedHandler.java:143)
	at org.eclipse.jetty.security.SecurityHandler.handle(SecurityHandler.java:548)
	at org.eclipse.jetty.server.handler.HandlerWrapper.handle(HandlerWrapper.java:132)
	at org.eclipse.jetty.server.handler.ScopedHandler.nextHandle(ScopedHandler.java:190)
	at org.eclipse.jetty.server.session.SessionHandler.doHandle(SessionHandler.java:1595)
	at org.eclipse.jetty.server.handler.ScopedHandler.nextHandle(ScopedHandler.java:188)
	at org.eclipse.jetty.server.handler.ContextHandler.doHandle(ContextHandler.java:1253)
	at org.eclipse.jetty.server.handler.ScopedHandler.nextScope(ScopedHandler.java:168)
	at org.eclipse.jetty.servlet.ServletHandler.doScope(ServletHandler.java:473)
	at org.eclipse.jetty.server.session.SessionHandler.doScope(SessionHandler.java:1564)
	at org.eclipse.jetty.server.handler.ScopedHandler.nextScope(ScopedHandler.java:166)
	at org.eclipse.jetty.server.handler.ContextHandler.doScope(ContextHandler.java:1155)
	at org.eclipse.jetty.server.handler.ScopedHandler.handle(ScopedHandler.java:141)
	at org.eclipse.jetty.server.handler.ContextHandlerCollection.handle(ContextHandlerCollection.java:219)
	at org.eclipse.jetty.server.handler.HandlerCollection.handle(HandlerCollection.java:126)
	at org.eclipse.jetty.server.handler.HandlerWrapper.handle(HandlerWrapper.java:132)
	at org.eclipse.jetty.server.Server.handle(Server.java:530)
	at org.eclipse.jetty.server.HttpChannel.handle(HttpChannel.java:347)
	at org.eclipse.jetty.server.HttpConnection.onFillable(HttpConnection.java:256)
	at org.eclipse.jetty.io.AbstractConnection$ReadCallback.succeeded(AbstractConnection.java:279)
	at org.eclipse.jetty.io.FillInterest.fillable(FillInterest.java:102)
	at org.eclipse.jetty.io.ChannelEndPoint$2.run(ChannelEndPoint.java:124)
	at org.eclipse.jetty.util.thread.strategy.EatWhatYouKill.doProduce(EatWhatYouKill.java:247)
	at org.eclipse.jetty.util.thread.strategy.EatWhatYouKill.produce(EatWhatYouKill.java:140)
	at org.eclipse.jetty.util.thread.strategy.EatWhatYouKill.run(EatWhatYouKill.java:131)
	at org.eclipse.jetty.util.thread.ReservedThreadExecutor$ReservedThread.run(ReservedThreadExecutor.java:382)
	at org.eclipse.jetty.util.thread.QueuedThreadPool.runJob(QueuedThreadPool.java:708)
	at org.eclipse.jetty.util.thread.QueuedThreadPool$2.run(QueuedThreadPool.java:626)
	at java.lang.Thread.run(Thread.java:748)
Caused by: org.eclipse.birt.chart.exception.ChartException: Unable to use a text data to render a numerical/datetime axis.
	at org.eclipse.birt.chart.computation.withaxes.PlotWithAxes.checkDataType(PlotWithAxes.java:512)
	at org.eclipse.birt.chart.computation.withaxes.PlotWithAxes.getTypedDataSet(PlotWithAxes.java:488)
	at org.eclipse.birt.chart.computation.withaxes.PlotWithAxes.getTypedDataSet(PlotWithAxes.java:474)
	at org.eclipse.birt.chart.computation.withaxes.PlotWith2DAxes.computeCommon(PlotWith2DAxes.java:950)
	at org.eclipse.birt.chart.computation.withaxes.PlotWith2DAxes.compute(PlotWith2DAxes.java:859)
	at org.eclipse.birt.chart.factory.Generator.build(Generator.java:1175)
	... 59 more

janv. 05, 2020 9:30:20 PM org.eclipse.birt.report.engine.executor.ExtendedGenerateExecutor execute
GRAVE: Column binding "row[e+Count*(class (to number))]" has referred to a binding "e+Count*(class (to number))" which does not exist.
org.eclipse.birt.data.engine.core.DataException: Column binding "row[e+Count*(class (to number))]" has referred to a binding "e+Count*(class (to number))" which does not exist.
	at org.eclipse.birt.data.engine.impl.ExprManagerUtil.validateInParentQuery(ExprManagerUtil.java:285)
	at org.eclipse.birt.data.engine.impl.ExprManagerUtil.checkColumnBindingExist(ExprManagerUtil.java:243)
	at org.eclipse.birt.data.engine.impl.ExprManagerUtil.checkColumnBindingExpression(ExprManagerUtil.java:198)
	at org.eclipse.birt.data.engine.impl.ExprManagerUtil.validateColumnBinding(ExprManagerUtil.java:75)
	at org.eclipse.birt.data.engine.impl.ExprManager.validateColumnBinding(ExprManager.java:195)
	at org.eclipse.birt.data.engine.impl.ServiceForQueryResults.validateQuery(ServiceForQueryResults.java:948)
	at org.eclipse.birt.data.engine.impl.QueryResults.getResultIterator(QueryResults.java:175)
	at org.eclipse.birt.report.engine.data.dte.QueryResultSet.<init>(QueryResultSet.java:98)
	at org.eclipse.birt.report.engine.data.dte.DteDataEngine.doExecuteQuery(DteDataEngine.java:168)
	at org.eclipse.birt.report.engine.data.dte.AbstractDataEngine.execute(AbstractDataEngine.java:286)
	at org.eclipse.birt.report.engine.executor.ExtendedGenerateExecutor.executeQueries(ExtendedGenerateExecutor.java:205)
	at org.eclipse.birt.report.engine.executor.ExtendedGenerateExecutor.execute(ExtendedGenerateExecutor.java:65)
	at org.eclipse.birt.report.engine.executor.ExtendedItemExecutor.execute(ExtendedItemExecutor.java:62)
	at org.eclipse.birt.report.engine.internal.executor.dup.SuppressDuplicateItemExecutor.execute(SuppressDuplicateItemExecutor.java:43)
	at org.eclipse.birt.report.engine.internal.executor.wrap.WrappedReportItemExecutor.execute(WrappedReportItemExecutor.java:46)
	at org.eclipse.birt.report.engine.internal.executor.l18n.LocalizedReportItemExecutor.execute(LocalizedReportItemExecutor.java:34)
	at org.eclipse.birt.report.engine.layout.html.HTMLBlockStackingLM.layoutNodes(HTMLBlockStackingLM.java:65)
	at org.eclipse.birt.report.engine.layout.html.HTMLPageLM.layout(HTMLPageLM.java:92)
	at org.eclipse.birt.report.engine.layout.html.HTMLReportLayoutEngine.layout(HTMLReportLayoutEngine.java:100)
	at org.eclipse.birt.report.engine.api.impl.RunAndRenderTask.doRun(RunAndRenderTask.java:181)
	at org.eclipse.birt.report.engine.api.impl.RunAndRenderTask.run(RunAndRenderTask.java:77)
	at org.eclipse.birt.report.service.ReportEngineService.runAndRenderReport(ReportEngineService.java:937)
	at org.eclipse.birt.report.service.BirtViewerReportService.runAndRenderReport(BirtViewerReportService.java:973)
	at org.eclipse.birt.report.service.actionhandler.BirtRunAndRenderActionHandler.__execute(BirtRunAndRenderActionHandler.java:76)
	at org.eclipse.birt.report.service.actionhandler.AbstractBaseActionHandler.execute(AbstractBaseActionHandler.java:90)
	at org.eclipse.birt.report.presentation.aggregation.layout.EngineFragment.doService(EngineFragment.java:318)
	at org.eclipse.birt.report.presentation.aggregation.AbstractBaseFragment.service(AbstractBaseFragment.java:76)
	at org.eclipse.birt.report.servlet.BirtEngineServlet.__doGet(BirtEngineServlet.java:116)
	at org.eclipse.birt.report.servlet.BaseReportEngineServlet.doGet(BaseReportEngineServlet.java:185)
	at javax.servlet.http.HttpServlet.service(HttpServlet.java:687)
	at org.apache.axis.transport.http.AxisServletBase.service(AxisServletBase.java:327)
	at javax.servlet.http.HttpServlet.service(HttpServlet.java:790)
	at org.eclipse.birt.report.servlet.BaseReportEngineServlet.service(BaseReportEngineServlet.java:116)
	at org.eclipse.jetty.servlet.ServletHolder.handle(ServletHolder.java:860)
	at org.eclipse.jetty.servlet.ServletHandler$CachedChain.doFilter(ServletHandler.java:1650)
	at org.eclipse.birt.report.filter.ViewerFilter.doFilter(ViewerFilter.java:68)
	at org.eclipse.jetty.servlet.ServletHandler$CachedChain.doFilter(ServletHandler.java:1629)
	at org.eclipse.jetty.servlet.ServletHandler.doHandle(ServletHandler.java:533)
	at org.eclipse.jetty.server.handler.ScopedHandler.handle(ScopedHandler.java:143)
	at org.eclipse.jetty.security.SecurityHandler.handle(SecurityHandler.java:548)
	at org.eclipse.jetty.server.handler.HandlerWrapper.handle(HandlerWrapper.java:132)
	at org.eclipse.jetty.server.handler.ScopedHandler.nextHandle(ScopedHandler.java:190)
	at org.eclipse.jetty.server.session.SessionHandler.doHandle(SessionHandler.java:1595)
	at org.eclipse.jetty.server.handler.ScopedHandler.nextHandle(ScopedHandler.java:188)
	at org.eclipse.jetty.server.handler.ContextHandler.doHandle(ContextHandler.java:1253)
	at org.eclipse.jetty.server.handler.ScopedHandler.nextScope(ScopedHandler.java:168)
	at org.eclipse.jetty.servlet.ServletHandler.doScope(ServletHandler.java:473)
	at org.eclipse.jetty.server.session.SessionHandler.doScope(SessionHandler.java:1564)
	at org.eclipse.jetty.server.handler.ScopedHandler.nextScope(ScopedHandler.java:166)
	at org.eclipse.jetty.server.handler.ContextHandler.doScope(ContextHandler.java:1155)
	at org.eclipse.jetty.server.handler.ScopedHandler.handle(ScopedHandler.java:141)
	at org.eclipse.jetty.server.handler.ContextHandlerCollection.handle(ContextHandlerCollection.java:219)
	at org.eclipse.jetty.server.handler.HandlerCollection.handle(HandlerCollection.java:126)
	at org.eclipse.jetty.server.handler.HandlerWrapper.handle(HandlerWrapper.java:132)
	at org.eclipse.jetty.server.Server.handle(Server.java:530)
	at org.eclipse.jetty.server.HttpChannel.handle(HttpChannel.java:347)
	at org.eclipse.jetty.server.HttpConnection.onFillable(HttpConnection.java:256)
	at org.eclipse.jetty.io.AbstractConnection$ReadCallback.succeeded(AbstractConnection.java:279)
	at org.eclipse.jetty.io.FillInterest.fillable(FillInterest.java:102)
	at org.eclipse.jetty.io.ChannelEndPoint$2.run(ChannelEndPoint.java:124)
	at org.eclipse.jetty.util.thread.strategy.EatWhatYouKill.doProduce(EatWhatYouKill.java:247)
	at org.eclipse.jetty.util.thread.strategy.EatWhatYouKill.produce(EatWhatYouKill.java:140)
	at org.eclipse.jetty.util.thread.strategy.EatWhatYouKill.run(EatWhatYouKill.java:131)
	at org.eclipse.jetty.util.thread.ReservedThreadExecutor$ReservedThread.run(ReservedThreadExecutor.java:382)
	at org.eclipse.jetty.util.thread.QueuedThreadPool.runJob(QueuedThreadPool.java:708)
	at org.eclipse.jetty.util.thread.QueuedThreadPool$2.run(QueuedThreadPool.java:626)
	at java.lang.Thread.run(Thread.java:748)

