févr. 16, 2020 9:34:32 PM org.eclipse.birt.report.engine.api.impl.EngineTask handleFatalExceptions
GRAVE: An error happened while running the report. Cause:
java.lang.IllegalArgumentException: No such node ID: 0:557
	at org.knime.core.node.workflow.WorkflowManager.getNodeContainer(WorkflowManager.java:6311)
	at com.knime.oda.driver.Query.getInputDataTable(Query.java:200)
	at com.knime.oda.driver.Query.prepare(Query.java:154)
	at org.eclipse.datatools.connectivity.oda.consumer.helper.OdaQuery.doPrepare(OdaQuery.java:240)
	at org.eclipse.datatools.connectivity.oda.consumer.helper.OdaQuery.prepare(OdaQuery.java:187)
	at org.eclipse.birt.data.engine.odaconsumer.Connection.prepareOdaQuery(Connection.java:290)
	at org.eclipse.birt.data.engine.odaconsumer.Connection.prepareStatement(Connection.java:197)
	at org.eclipse.birt.data.engine.executor.DataSource.prepareStatement(DataSource.java:302)
	at org.eclipse.birt.data.engine.executor.DataSourceQuery.prepare(DataSourceQuery.java:296)
	at org.eclipse.birt.data.engine.impl.PreparedOdaDSQuery$OdaDSQueryExecutor.prepareOdiQuery(PreparedOdaDSQuery.java:621)
	at org.eclipse.birt.data.engine.impl.QueryExecutor.prepareExecution(QueryExecutor.java:349)
	at org.eclipse.birt.data.engine.impl.PreparedQuery.doPrepare(PreparedQuery.java:463)
	at org.eclipse.birt.data.engine.impl.PreparedDataSourceQuery.produceQueryResults(PreparedDataSourceQuery.java:190)
	at org.eclipse.birt.data.engine.impl.PreparedDataSourceQuery.execute(PreparedDataSourceQuery.java:178)
	at org.eclipse.birt.data.engine.impl.PreparedOdaDSQuery.execute(PreparedOdaDSQuery.java:179)
	at org.eclipse.birt.report.data.adapter.impl.DataRequestSessionImpl.execute(DataRequestSessionImpl.java:651)
	at org.eclipse.birt.report.engine.data.dte.DteDataEngine.doExecuteQuery(DteDataEngine.java:152)
	at org.eclipse.birt.report.engine.data.dte.AbstractDataEngine.execute(AbstractDataEngine.java:286)
	at org.eclipse.birt.report.engine.executor.ExecutionContext.executeQuery(ExecutionContext.java:1949)
	at org.eclipse.birt.report.engine.executor.QueryItemExecutor.executeQuery(QueryItemExecutor.java:80)
	at org.eclipse.birt.report.engine.executor.TableItemExecutor.execute(TableItemExecutor.java:62)
	at org.eclipse.birt.report.engine.internal.executor.dup.SuppressDuplicateItemExecutor.execute(SuppressDuplicateItemExecutor.java:43)
	at org.eclipse.birt.report.engine.internal.executor.wrap.WrappedReportItemExecutor.execute(WrappedReportItemExecutor.java:46)
	at org.eclipse.birt.report.engine.internal.executor.l18n.LocalizedReportItemExecutor.execute(LocalizedReportItemExecutor.java:34)
	at org.eclipse.birt.report.engine.layout.html.HTMLBlockStackingLM.layoutNodes(HTMLBlockStackingLM.java:65)
	at org.eclipse.birt.report.engine.layout.html.HTMLStackingLM.layoutChildren(HTMLStackingLM.java:26)
	at org.eclipse.birt.report.engine.layout.html.HTMLAbstractLM.layout(HTMLAbstractLM.java:140)
	at org.eclipse.birt.report.engine.layout.html.HTMLInlineStackingLM.resumeLayout(HTMLInlineStackingLM.java:111)
	at org.eclipse.birt.report.engine.layout.html.HTMLInlineStackingLM.layoutNodes(HTMLInlineStackingLM.java:160)
	at org.eclipse.birt.report.engine.layout.html.HTMLStackingLM.layoutChildren(HTMLStackingLM.java:26)
	at org.eclipse.birt.report.engine.layout.html.HTMLAbstractLM.layout(HTMLAbstractLM.java:140)
	at org.eclipse.birt.report.engine.layout.html.HTMLBlockStackingLM.layoutNodes(HTMLBlockStackingLM.java:71)
	at org.eclipse.birt.report.engine.layout.html.HTMLStackingLM.layoutChildren(HTMLStackingLM.java:26)
	at org.eclipse.birt.report.engine.layout.html.HTMLRepeatHeaderLM.layoutChildren(HTMLRepeatHeaderLM.java:46)
	at org.eclipse.birt.report.engine.layout.html.HTMLAbstractLM.layout(HTMLAbstractLM.java:140)
	at org.eclipse.birt.report.engine.layout.html.HTMLBlockStackingLM.layoutNodes(HTMLBlockStackingLM.java:71)
	at org.eclipse.birt.report.engine.layout.html.HTMLPageLM.layout(HTMLPageLM.java:92)
	at org.eclipse.birt.report.engine.layout.html.HTMLReportLayoutEngine.layout(HTMLReportLayoutEngine.java:100)
	at org.eclipse.birt.report.engine.api.impl.RunAndRenderTask.doRun(RunAndRenderTask.java:181)
	at org.eclipse.birt.report.engine.api.impl.RunAndRenderTask.run(RunAndRenderTask.java:77)
	at org.eclipse.birt.report.service.ReportEngineService.runAndRenderReport(ReportEngineService.java:937)
	at org.eclipse.birt.report.service.BirtViewerReportService.runAndRenderReport(BirtViewerReportService.java:973)
	at org.eclipse.birt.report.service.actionhandler.BirtRunAndRenderActionHandler.__execute(BirtRunAndRenderActionHandler.java:76)
	at org.eclipse.birt.report.service.actionhandler.AbstractBaseActionHandler.execute(AbstractBaseActionHandler.java:90)
	at org.eclipse.birt.report.presentation.aggregation.layout.EngineFragment.doService(EngineFragment.java:318)
	at org.eclipse.birt.report.presentation.aggregation.AbstractBaseFragment.service(AbstractBaseFragment.java:76)
	at org.eclipse.birt.report.servlet.BirtEngineServlet.__doGet(BirtEngineServlet.java:116)
	at org.eclipse.birt.report.servlet.BaseReportEngineServlet.doGet(BaseReportEngineServlet.java:185)
	at javax.servlet.http.HttpServlet.service(HttpServlet.java:687)
	at org.apache.axis.transport.http.AxisServletBase.service(AxisServletBase.java:327)
	at javax.servlet.http.HttpServlet.service(HttpServlet.java:790)
	at org.eclipse.birt.report.servlet.BaseReportEngineServlet.service(BaseReportEngineServlet.java:116)
	at org.eclipse.jetty.servlet.ServletHolder.handle(ServletHolder.java:860)
	at org.eclipse.jetty.servlet.ServletHandler$CachedChain.doFilter(ServletHandler.java:1650)
	at org.eclipse.birt.report.filter.ViewerFilter.doFilter(ViewerFilter.java:68)
	at org.eclipse.jetty.servlet.ServletHandler$CachedChain.doFilter(ServletHandler.java:1629)
	at org.eclipse.jetty.servlet.ServletHandler.doHandle(ServletHandler.java:533)
	at org.eclipse.jetty.server.handler.ScopedHandler.handle(ScopedHandler.java:143)
	at org.eclipse.jetty.security.SecurityHandler.handle(SecurityHandler.java:548)
	at org.eclipse.jetty.server.handler.HandlerWrapper.handle(HandlerWrapper.java:132)
	at org.eclipse.jetty.server.handler.ScopedHandler.nextHandle(ScopedHandler.java:190)
	at org.eclipse.jetty.server.session.SessionHandler.doHandle(SessionHandler.java:1595)
	at org.eclipse.jetty.server.handler.ScopedHandler.nextHandle(ScopedHandler.java:188)
	at org.eclipse.jetty.server.handler.ContextHandler.doHandle(ContextHandler.java:1253)
	at org.eclipse.jetty.server.handler.ScopedHandler.nextScope(ScopedHandler.java:168)
	at org.eclipse.jetty.servlet.ServletHandler.doScope(ServletHandler.java:473)
	at org.eclipse.jetty.server.session.SessionHandler.doScope(SessionHandler.java:1564)
	at org.eclipse.jetty.server.handler.ScopedHandler.nextScope(ScopedHandler.java:166)
	at org.eclipse.jetty.server.handler.ContextHandler.doScope(ContextHandler.java:1155)
	at org.eclipse.jetty.server.handler.ScopedHandler.handle(ScopedHandler.java:141)
	at org.eclipse.jetty.server.handler.ContextHandlerCollection.handle(ContextHandlerCollection.java:219)
	at org.eclipse.jetty.server.handler.HandlerCollection.handle(HandlerCollection.java:126)
	at org.eclipse.jetty.server.handler.HandlerWrapper.handle(HandlerWrapper.java:132)
	at org.eclipse.jetty.server.Server.handle(Server.java:530)
	at org.eclipse.jetty.server.HttpChannel.handle(HttpChannel.java:347)
	at org.eclipse.jetty.server.HttpConnection.onFillable(HttpConnection.java:256)
	at org.eclipse.jetty.io.AbstractConnection$ReadCallback.succeeded(AbstractConnection.java:279)
	at org.eclipse.jetty.io.FillInterest.fillable(FillInterest.java:102)
	at org.eclipse.jetty.io.ChannelEndPoint$2.run(ChannelEndPoint.java:124)
	at org.eclipse.jetty.util.thread.strategy.EatWhatYouKill.doProduce(EatWhatYouKill.java:247)
	at org.eclipse.jetty.util.thread.strategy.EatWhatYouKill.produce(EatWhatYouKill.java:140)
	at org.eclipse.jetty.util.thread.QueuedThreadPool.runJob(QueuedThreadPool.java:708)
	at org.eclipse.jetty.util.thread.QueuedThreadPool$2.run(QueuedThreadPool.java:626)
	at java.lang.Thread.run(Thread.java:748)

